{"C:\\Users\\revir\\Desktop\\HACKTIV\\Hacktiv8\\fase 2\\Individual Project\\IP-RMT50\\server\\app.js": {"path":"C:\\Users\\revir\\Desktop\\HACKTIV\\Hacktiv8\\fase 2\\Individual Project\\IP-RMT50\\server\\app.js","statementMap":{"0":{"start":{"line":1,"column":20},"end":{"line":1,"column":94}},"1":{"start":{"line":2,"column":0},"end":{"line":5,"column":1}},"2":{"start":{"line":4,"column":4},"end":{"line":4,"column":31}},"3":{"start":{"line":8,"column":13},"end":{"line":8,"column":28}},"4":{"start":{"line":9,"column":16},"end":{"line":9,"column":34}},"5":{"start":{"line":10,"column":12},"end":{"line":10,"column":21}},"6":{"start":{"line":11,"column":15},"end":{"line":11,"column":34}},"7":{"start":{"line":12,"column":21},"end":{"line":12,"column":58}},"8":{"start":{"line":14,"column":0},"end":{"line":14,"column":15}},"9":{"start":{"line":15,"column":0},"end":{"line":15,"column":49}},"10":{"start":{"line":16,"column":0},"end":{"line":16,"column":24}},"11":{"start":{"line":17,"column":0},"end":{"line":17,"column":16}},"12":{"start":{"line":18,"column":0},"end":{"line":18,"column":22}},"13":{"start":{"line":25,"column":0},"end":{"line":32,"column":68}},"14":{"start":{"line":32,"column":85},"end":{"line":32,"column":39112}},"15":{"start":{"line":32,"column":89},"end":{"line":32,"column":39101}}},"fnMap":{"0":{"name":"oo_cm","decl":{"start":{"line":32,"column":77},"end":{"line":32,"column":82}},"loc":{"start":{"line":32,"column":84},"end":{"line":32,"column":39113}},"line":32}},"branchMap":{"0":{"loc":{"start":{"line":2,"column":0},"end":{"line":5,"column":1}},"type":"if","locations":[{"start":{"line":2,"column":0},"end":{"line":5,"column":1}},{"start":{},"end":{}}],"line":2},"1":{"loc":{"start":{"line":32,"column":96},"end":{"line":32,"column":39100}},"type":"binary-expr","locations":[{"start":{"line":32,"column":96},"end":{"line":32,"column":133}},{"start":{"line":32,"column":137},"end":{"line":32,"column":39100}}],"line":32}},"s":{"0":3,"1":3,"2":3,"3":3,"4":3,"5":3,"6":3,"7":3,"8":3,"9":3,"10":3,"11":3,"12":3,"13":3,"14":3,"15":3},"f":{"0":3},"b":{"0":[3,0],"1":[3,3]},"_coverageSchema":"1a1c01bbd47fc00a2c39e90264f33305004495a9","hash":"5cdb237902e5cf7f2d61869f60dc78bf58fa5f03"}
,"C:\\Users\\revir\\Desktop\\HACKTIV\\Hacktiv8\\fase 2\\Individual Project\\IP-RMT50\\server\\controllers\\characterController.js": {"path":"C:\\Users\\revir\\Desktop\\HACKTIV\\Hacktiv8\\fase 2\\Individual Project\\IP-RMT50\\server\\controllers\\characterController.js","statementMap":{"0":{"start":{"line":1,"column":37},"end":{"line":1,"column":57}},"1":{"start":{"line":3,"column":0},"end":{"line":117,"column":2}},"2":{"start":{"line":5,"column":71},"end":{"line":5,"column":79}},"3":{"start":{"line":6,"column":4},"end":{"line":18,"column":5}},"4":{"start":{"line":7,"column":19},"end":{"line":14,"column":8}},"5":{"start":{"line":15,"column":6},"end":{"line":15,"column":33}},"6":{"start":{"line":17,"column":6},"end":{"line":17,"column":16}},"7":{"start":{"line":22,"column":37},"end":{"line":22,"column":46}},"8":{"start":{"line":23,"column":4},"end":{"line":51,"column":5}},"9":{"start":{"line":24,"column":21},"end":{"line":24,"column":39}},"10":{"start":{"line":25,"column":30},"end":{"line":37,"column":8}},"11":{"start":{"line":39,"column":6},"end":{"line":41,"column":7}},"12":{"start":{"line":40,"column":8},"end":{"line":40,"column":73}},"13":{"start":{"line":43,"column":6},"end":{"line":48,"column":9}},"14":{"start":{"line":50,"column":6},"end":{"line":50,"column":16}},"15":{"start":{"line":55,"column":15},"end":{"line":55,"column":28}},"16":{"start":{"line":56,"column":4},"end":{"line":66,"column":5}},"17":{"start":{"line":57,"column":24},"end":{"line":59,"column":8}},"18":{"start":{"line":60,"column":6},"end":{"line":62,"column":7}},"19":{"start":{"line":61,"column":8},"end":{"line":61,"column":55}},"20":{"start":{"line":63,"column":6},"end":{"line":63,"column":38}},"21":{"start":{"line":65,"column":6},"end":{"line":65,"column":16}},"22":{"start":{"line":70,"column":71},"end":{"line":70,"column":79}},"23":{"start":{"line":71,"column":15},"end":{"line":71,"column":28}},"24":{"start":{"line":72,"column":4},"end":{"line":88,"column":5}},"25":{"start":{"line":73,"column":24},"end":{"line":73,"column":52}},"26":{"start":{"line":74,"column":6},"end":{"line":76,"column":7}},"27":{"start":{"line":75,"column":8},"end":{"line":75,"column":55}},"28":{"start":{"line":77,"column":6},"end":{"line":84,"column":9}},"29":{"start":{"line":85,"column":6},"end":{"line":85,"column":71}},"30":{"start":{"line":87,"column":6},"end":{"line":87,"column":16}},"31":{"start":{"line":92,"column":15},"end":{"line":92,"column":28}},"32":{"start":{"line":93,"column":4},"end":{"line":102,"column":5}},"33":{"start":{"line":94,"column":24},"end":{"line":94,"column":52}},"34":{"start":{"line":95,"column":6},"end":{"line":97,"column":7}},"35":{"start":{"line":96,"column":8},"end":{"line":96,"column":47}},"36":{"start":{"line":98,"column":6},"end":{"line":98,"column":53}},"37":{"start":{"line":99,"column":6},"end":{"line":99,"column":71}},"38":{"start":{"line":101,"column":6},"end":{"line":101,"column":16}},"39":{"start":{"line":106,"column":21},"end":{"line":106,"column":30}},"40":{"start":{"line":107,"column":4},"end":{"line":115,"column":5}},"41":{"start":{"line":108,"column":25},"end":{"line":111,"column":8}},"42":{"start":{"line":112,"column":6},"end":{"line":112,"column":39}},"43":{"start":{"line":114,"column":6},"end":{"line":114,"column":16}}},"fnMap":{"0":{"name":"(anonymous_0)","decl":{"start":{"line":4,"column":2},"end":{"line":4,"column":3}},"loc":{"start":{"line":4,"column":40},"end":{"line":19,"column":3}},"line":4},"1":{"name":"(anonymous_1)","decl":{"start":{"line":21,"column":2},"end":{"line":21,"column":3}},"loc":{"start":{"line":21,"column":38},"end":{"line":52,"column":3}},"line":21},"2":{"name":"(anonymous_2)","decl":{"start":{"line":54,"column":2},"end":{"line":54,"column":3}},"loc":{"start":{"line":54,"column":41},"end":{"line":67,"column":3}},"line":54},"3":{"name":"(anonymous_3)","decl":{"start":{"line":69,"column":2},"end":{"line":69,"column":3}},"loc":{"start":{"line":69,"column":44},"end":{"line":89,"column":3}},"line":69},"4":{"name":"(anonymous_4)","decl":{"start":{"line":91,"column":2},"end":{"line":91,"column":3}},"loc":{"start":{"line":91,"column":44},"end":{"line":103,"column":3}},"line":91},"5":{"name":"(anonymous_5)","decl":{"start":{"line":105,"column":2},"end":{"line":105,"column":3}},"loc":{"start":{"line":105,"column":47},"end":{"line":116,"column":3}},"line":105}},"branchMap":{"0":{"loc":{"start":{"line":22,"column":12},"end":{"line":22,"column":20}},"type":"default-arg","locations":[{"start":{"line":22,"column":19},"end":{"line":22,"column":20}}],"line":22},"1":{"loc":{"start":{"line":22,"column":22},"end":{"line":22,"column":32}},"type":"default-arg","locations":[{"start":{"line":22,"column":30},"end":{"line":22,"column":32}}],"line":22},"2":{"loc":{"start":{"line":39,"column":6},"end":{"line":41,"column":7}},"type":"if","locations":[{"start":{"line":39,"column":6},"end":{"line":41,"column":7}},{"start":{},"end":{}}],"line":39},"3":{"loc":{"start":{"line":60,"column":6},"end":{"line":62,"column":7}},"type":"if","locations":[{"start":{"line":60,"column":6},"end":{"line":62,"column":7}},{"start":{},"end":{}}],"line":60},"4":{"loc":{"start":{"line":74,"column":6},"end":{"line":76,"column":7}},"type":"if","locations":[{"start":{"line":74,"column":6},"end":{"line":76,"column":7}},{"start":{},"end":{}}],"line":74},"5":{"loc":{"start":{"line":95,"column":6},"end":{"line":97,"column":7}},"type":"if","locations":[{"start":{"line":95,"column":6},"end":{"line":97,"column":7}},{"start":{},"end":{}}],"line":95}},"s":{"0":3,"1":3,"2":0,"3":0,"4":0,"5":0,"6":0,"7":0,"8":0,"9":0,"10":0,"11":0,"12":0,"13":0,"14":0,"15":0,"16":0,"17":0,"18":0,"19":0,"20":0,"21":0,"22":0,"23":0,"24":0,"25":0,"26":0,"27":0,"28":0,"29":0,"30":0,"31":0,"32":0,"33":0,"34":0,"35":0,"36":0,"37":0,"38":0,"39":0,"40":0,"41":0,"42":0,"43":0},"f":{"0":0,"1":0,"2":0,"3":0,"4":0,"5":0},"b":{"0":[0],"1":[0],"2":[0,0],"3":[0,0],"4":[0,0],"5":[0,0]},"_coverageSchema":"1a1c01bbd47fc00a2c39e90264f33305004495a9","hash":"1ee1b68d7fc9276ae52d65d2c57c613ea01fab5d"}
,"C:\\Users\\revir\\Desktop\\HACKTIV\\Hacktiv8\\fase 2\\Individual Project\\IP-RMT50\\server\\controllers\\userController.js": {"path":"C:\\Users\\revir\\Desktop\\HACKTIV\\Hacktiv8\\fase 2\\Individual Project\\IP-RMT50\\server\\controllers\\userController.js","statementMap":{"0":{"start":{"line":1,"column":17},"end":{"line":1,"column":37}},"1":{"start":{"line":2,"column":28},"end":{"line":2,"column":56}},"2":{"start":{"line":3,"column":22},"end":{"line":3,"column":47}},"3":{"start":{"line":4,"column":15},"end":{"line":4,"column":45}},"4":{"start":{"line":5,"column":0},"end":{"line":109,"column":2}},"5":{"start":{"line":7,"column":4},"end":{"line":21,"column":5}},"6":{"start":{"line":9,"column":8},"end":{"line":9,"column":35}},"7":{"start":{"line":10,"column":6},"end":{"line":17,"column":9}},"8":{"start":{"line":20,"column":6},"end":{"line":20,"column":16}},"9":{"start":{"line":25,"column":32},"end":{"line":25,"column":40}},"10":{"start":{"line":26,"column":4},"end":{"line":50,"column":5}},"11":{"start":{"line":27,"column":6},"end":{"line":29,"column":7}},"12":{"start":{"line":28,"column":8},"end":{"line":28,"column":44}},"13":{"start":{"line":30,"column":6},"end":{"line":32,"column":7}},"14":{"start":{"line":31,"column":8},"end":{"line":31,"column":47}},"15":{"start":{"line":33,"column":19},"end":{"line":33,"column":59}},"16":{"start":{"line":35,"column":6},"end":{"line":37,"column":7}},"17":{"start":{"line":36,"column":8},"end":{"line":36,"column":38}},"18":{"start":{"line":39,"column":30},"end":{"line":39,"column":70}},"19":{"start":{"line":41,"column":6},"end":{"line":43,"column":7}},"20":{"start":{"line":42,"column":8},"end":{"line":42,"column":43}},"21":{"start":{"line":45,"column":20},"end":{"line":45,"column":46}},"22":{"start":{"line":47,"column":6},"end":{"line":47,"column":52}},"23":{"start":{"line":49,"column":6},"end":{"line":49,"column":16}},"24":{"start":{"line":53,"column":4},"end":{"line":61,"column":5}},"25":{"start":{"line":54,"column":34},"end":{"line":54,"column":61}},"26":{"start":{"line":55,"column":6},"end":{"line":58,"column":9}},"27":{"start":{"line":60,"column":6},"end":{"line":60,"column":16}},"28":{"start":{"line":65,"column":19},"end":{"line":65,"column":32}},"29":{"start":{"line":66,"column":4},"end":{"line":80,"column":5}},"30":{"start":{"line":67,"column":24},"end":{"line":70,"column":8}},"31":{"start":{"line":72,"column":6},"end":{"line":74,"column":7}},"32":{"start":{"line":73,"column":8},"end":{"line":73,"column":51}},"33":{"start":{"line":76,"column":26},"end":{"line":76,"column":53}},"34":{"start":{"line":77,"column":6},"end":{"line":77,"column":78}},"35":{"start":{"line":79,"column":6},"end":{"line":79,"column":16}},"36":{"start":{"line":84,"column":19},"end":{"line":84,"column":32}},"37":{"start":{"line":85,"column":4},"end":{"line":95,"column":5}},"38":{"start":{"line":86,"column":22},"end":{"line":86,"column":67}},"39":{"start":{"line":88,"column":6},"end":{"line":90,"column":7}},"40":{"start":{"line":89,"column":8},"end":{"line":89,"column":51}},"41":{"start":{"line":92,"column":6},"end":{"line":92,"column":28}},"42":{"start":{"line":94,"column":6},"end":{"line":94,"column":16}},"43":{"start":{"line":99,"column":4},"end":{"line":107,"column":5}},"44":{"start":{"line":100,"column":35},"end":{"line":100,"column":43}},"45":{"start":{"line":101,"column":17},"end":{"line":101,"column":47}},"46":{"start":{"line":103,"column":6},"end":{"line":103,"column":33}},"47":{"start":{"line":105,"column":6},"end":{"line":105,"column":25}},"48":{"start":{"line":106,"column":6},"end":{"line":106,"column":16}}},"fnMap":{"0":{"name":"(anonymous_0)","decl":{"start":{"line":6,"column":2},"end":{"line":6,"column":3}},"loc":{"start":{"line":6,"column":33},"end":{"line":22,"column":3}},"line":6},"1":{"name":"(anonymous_1)","decl":{"start":{"line":24,"column":2},"end":{"line":24,"column":3}},"loc":{"start":{"line":24,"column":30},"end":{"line":51,"column":3}},"line":24},"2":{"name":"(anonymous_2)","decl":{"start":{"line":52,"column":2},"end":{"line":52,"column":3}},"loc":{"start":{"line":52,"column":35},"end":{"line":62,"column":3}},"line":52},"3":{"name":"(anonymous_3)","decl":{"start":{"line":64,"column":2},"end":{"line":64,"column":3}},"loc":{"start":{"line":64,"column":35},"end":{"line":81,"column":3}},"line":64},"4":{"name":"(anonymous_4)","decl":{"start":{"line":83,"column":2},"end":{"line":83,"column":3}},"loc":{"start":{"line":83,"column":35},"end":{"line":96,"column":3}},"line":83},"5":{"name":"(anonymous_5)","decl":{"start":{"line":98,"column":2},"end":{"line":98,"column":3}},"loc":{"start":{"line":98,"column":33},"end":{"line":108,"column":3}},"line":98}},"branchMap":{"0":{"loc":{"start":{"line":27,"column":6},"end":{"line":29,"column":7}},"type":"if","locations":[{"start":{"line":27,"column":6},"end":{"line":29,"column":7}},{"start":{},"end":{}}],"line":27},"1":{"loc":{"start":{"line":30,"column":6},"end":{"line":32,"column":7}},"type":"if","locations":[{"start":{"line":30,"column":6},"end":{"line":32,"column":7}},{"start":{},"end":{}}],"line":30},"2":{"loc":{"start":{"line":35,"column":6},"end":{"line":37,"column":7}},"type":"if","locations":[{"start":{"line":35,"column":6},"end":{"line":37,"column":7}},{"start":{},"end":{}}],"line":35},"3":{"loc":{"start":{"line":41,"column":6},"end":{"line":43,"column":7}},"type":"if","locations":[{"start":{"line":41,"column":6},"end":{"line":43,"column":7}},{"start":{},"end":{}}],"line":41},"4":{"loc":{"start":{"line":72,"column":6},"end":{"line":74,"column":7}},"type":"if","locations":[{"start":{"line":72,"column":6},"end":{"line":74,"column":7}},{"start":{},"end":{}}],"line":72},"5":{"loc":{"start":{"line":88,"column":6},"end":{"line":90,"column":7}},"type":"if","locations":[{"start":{"line":88,"column":6},"end":{"line":90,"column":7}},{"start":{},"end":{}}],"line":88}},"s":{"0":3,"1":3,"2":3,"3":3,"4":3,"5":0,"6":0,"7":0,"8":0,"9":5,"10":5,"11":5,"12":1,"13":4,"14":1,"15":3,"16":3,"17":1,"18":2,"19":2,"20":1,"21":1,"22":1,"23":4,"24":3,"25":3,"26":1,"27":2,"28":2,"29":2,"30":2,"31":2,"32":1,"33":1,"34":1,"35":1,"36":0,"37":0,"38":0,"39":0,"40":0,"41":0,"42":0,"43":0,"44":0,"45":0,"46":0,"47":0,"48":0},"f":{"0":0,"1":5,"2":3,"3":2,"4":0,"5":0},"b":{"0":[1,4],"1":[1,3],"2":[1,2],"3":[1,1],"4":[1,1],"5":[0,0]},"_coverageSchema":"1a1c01bbd47fc00a2c39e90264f33305004495a9","hash":"69c5603393342e8c9a85ae898221d0243c8437d8"}
,"C:\\Users\\revir\\Desktop\\HACKTIV\\Hacktiv8\\fase 2\\Individual Project\\IP-RMT50\\server\\helpers\\bcrypt.js": {"path":"C:\\Users\\revir\\Desktop\\HACKTIV\\Hacktiv8\\fase 2\\Individual Project\\IP-RMT50\\server\\helpers\\bcrypt.js","statementMap":{"0":{"start":{"line":1,"column":15},"end":{"line":1,"column":34}},"1":{"start":{"line":3,"column":21},"end":{"line":6,"column":1}},"2":{"start":{"line":4,"column":15},"end":{"line":4,"column":37}},"3":{"start":{"line":5,"column":2},"end":{"line":5,"column":41}},"4":{"start":{"line":8,"column":24},"end":{"line":10,"column":1}},"5":{"start":{"line":9,"column":2},"end":{"line":9,"column":54}},"6":{"start":{"line":12,"column":0},"end":{"line":15,"column":2}}},"fnMap":{"0":{"name":"(anonymous_0)","decl":{"start":{"line":3,"column":21},"end":{"line":3,"column":22}},"loc":{"start":{"line":3,"column":35},"end":{"line":6,"column":1}},"line":3},"1":{"name":"(anonymous_1)","decl":{"start":{"line":8,"column":24},"end":{"line":8,"column":25}},"loc":{"start":{"line":8,"column":54},"end":{"line":10,"column":1}},"line":8}},"branchMap":{},"s":{"0":3,"1":3,"2":6,"3":6,"4":3,"5":2,"6":3},"f":{"0":6,"1":2},"b":{},"_coverageSchema":"1a1c01bbd47fc00a2c39e90264f33305004495a9","hash":"732d561501ec091881c00b0b5649f2bfca495a5a"}
,"C:\\Users\\revir\\Desktop\\HACKTIV\\Hacktiv8\\fase 2\\Individual Project\\IP-RMT50\\server\\helpers\\geminiAI.js": {"path":"C:\\Users\\revir\\Desktop\\HACKTIV\\Hacktiv8\\fase 2\\Individual Project\\IP-RMT50\\server\\helpers\\geminiAI.js","statementMap":{"0":{"start":{"line":1,"column":31},"end":{"line":1,"column":63}},"1":{"start":{"line":2,"column":0},"end":{"line":2,"column":27}},"2":{"start":{"line":4,"column":15},"end":{"line":34,"column":1}},"3":{"start":{"line":5,"column":16},"end":{"line":5,"column":69}},"4":{"start":{"line":7,"column":16},"end":{"line":7,"column":71}},"5":{"start":{"line":9,"column":17},"end":{"line":25,"column":44}},"6":{"start":{"line":27,"column":17},"end":{"line":27,"column":52}},"7":{"start":{"line":28,"column":19},"end":{"line":28,"column":40}},"8":{"start":{"line":29,"column":13},"end":{"line":29,"column":28}},"9":{"start":{"line":30,"column":2},"end":{"line":30,"column":20}},"10":{"start":{"line":32,"column":2},"end":{"line":32,"column":33}},"11":{"start":{"line":33,"column":2},"end":{"line":33,"column":14}},"12":{"start":{"line":36,"column":0},"end":{"line":36,"column":24}}},"fnMap":{"0":{"name":"(anonymous_0)","decl":{"start":{"line":4,"column":15},"end":{"line":4,"column":16}},"loc":{"start":{"line":4,"column":33},"end":{"line":34,"column":1}},"line":4}},"branchMap":{},"s":{"0":3,"1":3,"2":3,"3":0,"4":0,"5":0,"6":0,"7":0,"8":0,"9":0,"10":0,"11":0,"12":3},"f":{"0":0},"b":{},"_coverageSchema":"1a1c01bbd47fc00a2c39e90264f33305004495a9","hash":"bb054bdaded179337f6346f403a67c90c7a1efa3"}
,"C:\\Users\\revir\\Desktop\\HACKTIV\\Hacktiv8\\fase 2\\Individual Project\\IP-RMT50\\server\\helpers\\jwt.js": {"path":"C:\\Users\\revir\\Desktop\\HACKTIV\\Hacktiv8\\fase 2\\Individual Project\\IP-RMT50\\server\\helpers\\jwt.js","statementMap":{"0":{"start":{"line":1,"column":25},"end":{"line":1,"column":48}},"1":{"start":{"line":2,"column":15},"end":{"line":2,"column":37}},"2":{"start":{"line":6,"column":0},"end":{"line":9,"column":2}},"3":{"start":{"line":7,"column":26},"end":{"line":7,"column":47}},"4":{"start":{"line":8,"column":26},"end":{"line":8,"column":47}}},"fnMap":{"0":{"name":"(anonymous_0)","decl":{"start":{"line":7,"column":13},"end":{"line":7,"column":14}},"loc":{"start":{"line":7,"column":26},"end":{"line":7,"column":47}},"line":7},"1":{"name":"(anonymous_1)","decl":{"start":{"line":8,"column":15},"end":{"line":8,"column":16}},"loc":{"start":{"line":8,"column":26},"end":{"line":8,"column":47}},"line":8}},"branchMap":{},"s":{"0":3,"1":3,"2":3,"3":4,"4":8},"f":{"0":4,"1":8},"b":{},"_coverageSchema":"1a1c01bbd47fc00a2c39e90264f33305004495a9","hash":"bf6fb7b78809b2a554a8e6260fe599bf377075af"}
,"C:\\Users\\revir\\Desktop\\HACKTIV\\Hacktiv8\\fase 2\\Individual Project\\IP-RMT50\\server\\middlewares\\authentication.js": {"path":"C:\\Users\\revir\\Desktop\\HACKTIV\\Hacktiv8\\fase 2\\Individual Project\\IP-RMT50\\server\\middlewares\\authentication.js","statementMap":{"0":{"start":{"line":1,"column":17},"end":{"line":1,"column":37}},"1":{"start":{"line":2,"column":24},"end":{"line":2,"column":49}},"2":{"start":{"line":5,"column":2},"end":{"line":34,"column":3}},"3":{"start":{"line":7,"column":23},"end":{"line":7,"column":48}},"4":{"start":{"line":9,"column":4},"end":{"line":11,"column":5}},"5":{"start":{"line":10,"column":6},"end":{"line":10,"column":39}},"6":{"start":{"line":12,"column":26},"end":{"line":12,"column":49}},"7":{"start":{"line":13,"column":4},"end":{"line":15,"column":5}},"8":{"start":{"line":14,"column":6},"end":{"line":14,"column":40}},"9":{"start":{"line":16,"column":23},"end":{"line":16,"column":45}},"10":{"start":{"line":17,"column":18},"end":{"line":17,"column":48}},"11":{"start":{"line":18,"column":15},"end":{"line":18,"column":46}},"12":{"start":{"line":21,"column":4},"end":{"line":23,"column":5}},"13":{"start":{"line":22,"column":6},"end":{"line":22,"column":40}},"14":{"start":{"line":25,"column":4},"end":{"line":28,"column":6}},"15":{"start":{"line":30,"column":4},"end":{"line":30,"column":11}},"16":{"start":{"line":33,"column":4},"end":{"line":33,"column":14}},"17":{"start":{"line":39,"column":0},"end":{"line":39,"column":36}}},"fnMap":{"0":{"name":"authentication","decl":{"start":{"line":4,"column":15},"end":{"line":4,"column":29}},"loc":{"start":{"line":4,"column":46},"end":{"line":35,"column":1}},"line":4}},"branchMap":{"0":{"loc":{"start":{"line":9,"column":4},"end":{"line":11,"column":5}},"type":"if","locations":[{"start":{"line":9,"column":4},"end":{"line":11,"column":5}},{"start":{},"end":{}}],"line":9},"1":{"loc":{"start":{"line":13,"column":4},"end":{"line":15,"column":5}},"type":"if","locations":[{"start":{"line":13,"column":4},"end":{"line":15,"column":5}},{"start":{},"end":{}}],"line":13},"2":{"loc":{"start":{"line":21,"column":4},"end":{"line":23,"column":5}},"type":"if","locations":[{"start":{"line":21,"column":4},"end":{"line":23,"column":5}},{"start":{},"end":{}}],"line":21}},"s":{"0":3,"1":3,"2":9,"3":9,"4":9,"5":1,"6":8,"7":8,"8":0,"9":8,"10":8,"11":5,"12":5,"13":0,"14":5,"15":5,"16":4,"17":3},"f":{"0":9},"b":{"0":[1,8],"1":[0,8],"2":[0,5]},"_coverageSchema":"1a1c01bbd47fc00a2c39e90264f33305004495a9","hash":"28852f1b8935be50626212c406ce940e2bea5301"}
,"C:\\Users\\revir\\Desktop\\HACKTIV\\Hacktiv8\\fase 2\\Individual Project\\IP-RMT50\\server\\middlewares\\authorization.js": {"path":"C:\\Users\\revir\\Desktop\\HACKTIV\\Hacktiv8\\fase 2\\Individual Project\\IP-RMT50\\server\\middlewares\\authorization.js","statementMap":{"0":{"start":{"line":1,"column":17},"end":{"line":1,"column":37}},"1":{"start":{"line":4,"column":15},"end":{"line":4,"column":26}},"2":{"start":{"line":5,"column":16},"end":{"line":5,"column":29}},"3":{"start":{"line":6,"column":2},"end":{"line":26,"column":3}},"4":{"start":{"line":7,"column":15},"end":{"line":7,"column":43}},"5":{"start":{"line":8,"column":4},"end":{"line":10,"column":5}},"6":{"start":{"line":9,"column":6},"end":{"line":9,"column":40}},"7":{"start":{"line":13,"column":4},"end":{"line":16,"column":5}},"8":{"start":{"line":14,"column":6},"end":{"line":14,"column":13}},"9":{"start":{"line":15,"column":6},"end":{"line":15,"column":13}},"10":{"start":{"line":19,"column":4},"end":{"line":21,"column":5}},"11":{"start":{"line":20,"column":6},"end":{"line":20,"column":34}},"12":{"start":{"line":23,"column":4},"end":{"line":23,"column":11}},"13":{"start":{"line":25,"column":4},"end":{"line":25,"column":14}},"14":{"start":{"line":30,"column":2},"end":{"line":34,"column":3}},"15":{"start":{"line":31,"column":4},"end":{"line":31,"column":11}},"16":{"start":{"line":33,"column":4},"end":{"line":33,"column":51}},"17":{"start":{"line":37,"column":0},"end":{"line":37,"column":47}}},"fnMap":{"0":{"name":"authorization","decl":{"start":{"line":3,"column":15},"end":{"line":3,"column":28}},"loc":{"start":{"line":3,"column":45},"end":{"line":27,"column":1}},"line":3},"1":{"name":"checkAdmin","decl":{"start":{"line":29,"column":15},"end":{"line":29,"column":25}},"loc":{"start":{"line":29,"column":42},"end":{"line":35,"column":1}},"line":29}},"branchMap":{"0":{"loc":{"start":{"line":8,"column":4},"end":{"line":10,"column":5}},"type":"if","locations":[{"start":{"line":8,"column":4},"end":{"line":10,"column":5}},{"start":{},"end":{}}],"line":8},"1":{"loc":{"start":{"line":13,"column":4},"end":{"line":16,"column":5}},"type":"if","locations":[{"start":{"line":13,"column":4},"end":{"line":16,"column":5}},{"start":{},"end":{}}],"line":13},"2":{"loc":{"start":{"line":19,"column":4},"end":{"line":21,"column":5}},"type":"if","locations":[{"start":{"line":19,"column":4},"end":{"line":21,"column":5}},{"start":{},"end":{}}],"line":19},"3":{"loc":{"start":{"line":30,"column":2},"end":{"line":34,"column":3}},"type":"if","locations":[{"start":{"line":30,"column":2},"end":{"line":34,"column":3}},{"start":{"line":32,"column":9},"end":{"line":34,"column":3}}],"line":30}},"s":{"0":3,"1":0,"2":0,"3":0,"4":0,"5":0,"6":0,"7":0,"8":0,"9":0,"10":0,"11":0,"12":0,"13":0,"14":3,"15":3,"16":0,"17":3},"f":{"0":0,"1":3},"b":{"0":[0,0],"1":[0,0],"2":[0,0],"3":[3,0]},"_coverageSchema":"1a1c01bbd47fc00a2c39e90264f33305004495a9","hash":"8c8bf9fc0789fca288ba4cb558a4c6b55e4f2dcf"}
,"C:\\Users\\revir\\Desktop\\HACKTIV\\Hacktiv8\\fase 2\\Individual Project\\IP-RMT50\\server\\middlewares\\errorHandler.js": {"path":"C:\\Users\\revir\\Desktop\\HACKTIV\\Hacktiv8\\fase 2\\Individual Project\\IP-RMT50\\server\\middlewares\\errorHandler.js","statementMap":{"0":{"start":{"line":2,"column":17},"end":{"line":2,"column":34}},"1":{"start":{"line":3,"column":18},"end":{"line":3,"column":56}},"2":{"start":{"line":5,"column":4},"end":{"line":48,"column":5}},"3":{"start":{"line":8,"column":8},"end":{"line":8,"column":21}},"4":{"start":{"line":9,"column":8},"end":{"line":9,"column":40}},"5":{"start":{"line":10,"column":8},"end":{"line":10,"column":14}},"6":{"start":{"line":12,"column":8},"end":{"line":12,"column":21}},"7":{"start":{"line":13,"column":8},"end":{"line":13,"column":47}},"8":{"start":{"line":14,"column":8},"end":{"line":14,"column":14}},"9":{"start":{"line":16,"column":8},"end":{"line":16,"column":21}},"10":{"start":{"line":17,"column":8},"end":{"line":17,"column":43}},"11":{"start":{"line":18,"column":8},"end":{"line":18,"column":14}},"12":{"start":{"line":22,"column":8},"end":{"line":22,"column":21}},"13":{"start":{"line":23,"column":8},"end":{"line":23,"column":36}},"14":{"start":{"line":24,"column":8},"end":{"line":24,"column":14}},"15":{"start":{"line":26,"column":8},"end":{"line":26,"column":21}},"16":{"start":{"line":27,"column":8},"end":{"line":27,"column":49}},"17":{"start":{"line":28,"column":8},"end":{"line":28,"column":14}},"18":{"start":{"line":30,"column":8},"end":{"line":30,"column":21}},"19":{"start":{"line":31,"column":8},"end":{"line":31,"column":43}},"20":{"start":{"line":32,"column":8},"end":{"line":32,"column":14}},"21":{"start":{"line":34,"column":8},"end":{"line":34,"column":21}},"22":{"start":{"line":35,"column":8},"end":{"line":35,"column":38}},"23":{"start":{"line":36,"column":8},"end":{"line":36,"column":14}},"24":{"start":{"line":38,"column":8},"end":{"line":38,"column":21}},"25":{"start":{"line":39,"column":8},"end":{"line":39,"column":41}},"26":{"start":{"line":40,"column":8},"end":{"line":40,"column":14}},"27":{"start":{"line":42,"column":8},"end":{"line":42,"column":21}},"28":{"start":{"line":43,"column":8},"end":{"line":43,"column":39}},"29":{"start":{"line":44,"column":8},"end":{"line":44,"column":14}},"30":{"start":{"line":46,"column":8},"end":{"line":46,"column":27}},"31":{"start":{"line":47,"column":8},"end":{"line":47,"column":14}},"32":{"start":{"line":50,"column":4},"end":{"line":52,"column":7}},"33":{"start":{"line":55,"column":2},"end":{"line":55,"column":32}}},"fnMap":{"0":{"name":"errorHandler","decl":{"start":{"line":1,"column":9},"end":{"line":1,"column":21}},"loc":{"start":{"line":1,"column":43},"end":{"line":53,"column":3}},"line":1}},"branchMap":{"0":{"loc":{"start":{"line":2,"column":17},"end":{"line":2,"column":34}},"type":"binary-expr","locations":[{"start":{"line":2,"column":17},"end":{"line":2,"column":27}},{"start":{"line":2,"column":31},"end":{"line":2,"column":34}}],"line":2},"1":{"loc":{"start":{"line":3,"column":18},"end":{"line":3,"column":56}},"type":"binary-expr","locations":[{"start":{"line":3,"column":18},"end":{"line":3,"column":29}},{"start":{"line":3,"column":33},"end":{"line":3,"column":56}}],"line":3},"2":{"loc":{"start":{"line":5,"column":4},"end":{"line":48,"column":5}},"type":"switch","locations":[{"start":{"line":6,"column":6},"end":{"line":6,"column":44}},{"start":{"line":7,"column":6},"end":{"line":10,"column":14}},{"start":{"line":11,"column":6},"end":{"line":14,"column":14}},{"start":{"line":15,"column":6},"end":{"line":18,"column":14}},{"start":{"line":19,"column":6},"end":{"line":19,"column":29}},{"start":{"line":20,"column":6},"end":{"line":20,"column":26}},{"start":{"line":21,"column":6},"end":{"line":24,"column":14}},{"start":{"line":25,"column":6},"end":{"line":28,"column":14}},{"start":{"line":29,"column":6},"end":{"line":32,"column":14}},{"start":{"line":33,"column":6},"end":{"line":36,"column":14}},{"start":{"line":37,"column":6},"end":{"line":40,"column":14}},{"start":{"line":41,"column":6},"end":{"line":44,"column":14}},{"start":{"line":45,"column":6},"end":{"line":47,"column":14}}],"line":5}},"s":{"0":11,"1":11,"2":11,"3":2,"4":2,"5":2,"6":0,"7":0,"8":0,"9":1,"10":1,"11":1,"12":4,"13":4,"14":4,"15":0,"16":0,"17":0,"18":0,"19":0,"20":0,"21":1,"22":1,"23":1,"24":1,"25":1,"26":1,"27":1,"28":1,"29":1,"30":1,"31":1,"32":11,"33":3},"f":{"0":11},"b":{"0":[11,11],"1":[11,6],"2":[0,2,0,1,1,1,4,0,0,1,1,1,1]},"_coverageSchema":"1a1c01bbd47fc00a2c39e90264f33305004495a9","hash":"b2a2eb071010155fd9597beeebad2f0472f2ab9f"}
,"C:\\Users\\revir\\Desktop\\HACKTIV\\Hacktiv8\\fase 2\\Individual Project\\IP-RMT50\\server\\models\\character.js": {"path":"C:\\Users\\revir\\Desktop\\HACKTIV\\Hacktiv8\\fase 2\\Individual Project\\IP-RMT50\\server\\models\\character.js","statementMap":{"0":{"start":{"line":2,"column":18},"end":{"line":2,"column":38}},"1":{"start":{"line":4,"column":0},"end":{"line":56,"column":2}},"2":{"start":{"line":7,"column":6},"end":{"line":7,"column":65}},"3":{"start":{"line":8,"column":6},"end":{"line":8,"column":71}},"4":{"start":{"line":12,"column":2},"end":{"line":53,"column":5}},"5":{"start":{"line":55,"column":2},"end":{"line":55,"column":19}}},"fnMap":{"0":{"name":"(anonymous_0)","decl":{"start":{"line":4,"column":17},"end":{"line":4,"column":18}},"loc":{"start":{"line":4,"column":43},"end":{"line":56,"column":1}},"line":4},"1":{"name":"(anonymous_1)","decl":{"start":{"line":6,"column":4},"end":{"line":6,"column":5}},"loc":{"start":{"line":6,"column":29},"end":{"line":9,"column":5}},"line":6}},"branchMap":{},"s":{"0":3,"1":3,"2":3,"3":3,"4":3,"5":3},"f":{"0":3,"1":3},"b":{},"_coverageSchema":"1a1c01bbd47fc00a2c39e90264f33305004495a9","hash":"a03dc97336a611dd06a4d91acf2ded934a7c7610"}
,"C:\\Users\\revir\\Desktop\\HACKTIV\\Hacktiv8\\fase 2\\Individual Project\\IP-RMT50\\server\\models\\index.js": {"path":"C:\\Users\\revir\\Desktop\\HACKTIV\\Hacktiv8\\fase 2\\Individual Project\\IP-RMT50\\server\\models\\index.js","statementMap":{"0":{"start":{"line":3,"column":11},"end":{"line":3,"column":24}},"1":{"start":{"line":4,"column":13},"end":{"line":4,"column":28}},"2":{"start":{"line":5,"column":18},"end":{"line":5,"column":38}},"3":{"start":{"line":6,"column":16},"end":{"line":6,"column":34}},"4":{"start":{"line":7,"column":17},"end":{"line":7,"column":42}},"5":{"start":{"line":8,"column":12},"end":{"line":8,"column":49}},"6":{"start":{"line":9,"column":15},"end":{"line":9,"column":65}},"7":{"start":{"line":10,"column":11},"end":{"line":10,"column":13}},"8":{"start":{"line":13,"column":0},"end":{"line":17,"column":1}},"9":{"start":{"line":14,"column":2},"end":{"line":14,"column":74}},"10":{"start":{"line":16,"column":2},"end":{"line":16,"column":87}},"11":{"start":{"line":19,"column":0},"end":{"line":32,"column":5}},"12":{"start":{"line":22,"column":4},"end":{"line":27,"column":6}},"13":{"start":{"line":30,"column":18},"end":{"line":30,"column":85}},"14":{"start":{"line":31,"column":4},"end":{"line":31,"column":27}},"15":{"start":{"line":34,"column":0},"end":{"line":38,"column":3}},"16":{"start":{"line":35,"column":2},"end":{"line":37,"column":3}},"17":{"start":{"line":36,"column":4},"end":{"line":36,"column":32}},"18":{"start":{"line":40,"column":0},"end":{"line":40,"column":25}},"19":{"start":{"line":41,"column":0},"end":{"line":41,"column":25}},"20":{"start":{"line":43,"column":0},"end":{"line":43,"column":20}}},"fnMap":{"0":{"name":"(anonymous_0)","decl":{"start":{"line":21,"column":10},"end":{"line":21,"column":11}},"loc":{"start":{"line":21,"column":18},"end":{"line":28,"column":3}},"line":21},"1":{"name":"(anonymous_1)","decl":{"start":{"line":29,"column":11},"end":{"line":29,"column":12}},"loc":{"start":{"line":29,"column":19},"end":{"line":32,"column":3}},"line":29},"2":{"name":"(anonymous_2)","decl":{"start":{"line":34,"column":24},"end":{"line":34,"column":25}},"loc":{"start":{"line":34,"column":37},"end":{"line":38,"column":1}},"line":34}},"branchMap":{"0":{"loc":{"start":{"line":8,"column":12},"end":{"line":8,"column":49}},"type":"binary-expr","locations":[{"start":{"line":8,"column":12},"end":{"line":8,"column":32}},{"start":{"line":8,"column":36},"end":{"line":8,"column":49}}],"line":8},"1":{"loc":{"start":{"line":13,"column":0},"end":{"line":17,"column":1}},"type":"if","locations":[{"start":{"line":13,"column":0},"end":{"line":17,"column":1}},{"start":{"line":15,"column":7},"end":{"line":17,"column":1}}],"line":13},"2":{"loc":{"start":{"line":23,"column":6},"end":{"line":26,"column":37}},"type":"binary-expr","locations":[{"start":{"line":23,"column":6},"end":{"line":23,"column":29}},{"start":{"line":24,"column":6},"end":{"line":24,"column":23}},{"start":{"line":25,"column":6},"end":{"line":25,"column":30}},{"start":{"line":26,"column":6},"end":{"line":26,"column":37}}],"line":23},"3":{"loc":{"start":{"line":35,"column":2},"end":{"line":37,"column":3}},"type":"if","locations":[{"start":{"line":35,"column":2},"end":{"line":37,"column":3}},{"start":{},"end":{}}],"line":35}},"s":{"0":3,"1":3,"2":3,"3":3,"4":3,"5":3,"6":3,"7":3,"8":3,"9":0,"10":3,"11":3,"12":12,"13":9,"14":9,"15":3,"16":9,"17":9,"18":3,"19":3,"20":3},"f":{"0":12,"1":9,"2":9},"b":{"0":[3,0],"1":[0,3],"2":[12,12,9,9],"3":[9,0]},"_coverageSchema":"1a1c01bbd47fc00a2c39e90264f33305004495a9","hash":"2d37faf87a1a1204cf83326a92a7d54e7544eb24"}
,"C:\\Users\\revir\\Desktop\\HACKTIV\\Hacktiv8\\fase 2\\Individual Project\\IP-RMT50\\server\\models\\user.js": {"path":"C:\\Users\\revir\\Desktop\\HACKTIV\\Hacktiv8\\fase 2\\Individual Project\\IP-RMT50\\server\\models\\user.js","statementMap":{"0":{"start":{"line":2,"column":25},"end":{"line":2,"column":53}},"1":{"start":{"line":3,"column":18},"end":{"line":3,"column":38}},"2":{"start":{"line":5,"column":0},"end":{"line":96,"column":2}},"3":{"start":{"line":8,"column":6},"end":{"line":8,"column":81}},"4":{"start":{"line":9,"column":6},"end":{"line":9,"column":63}},"5":{"start":{"line":13,"column":2},"end":{"line":93,"column":5}},"6":{"start":{"line":90,"column":8},"end":{"line":90,"column":52}},"7":{"start":{"line":95,"column":2},"end":{"line":95,"column":14}}},"fnMap":{"0":{"name":"(anonymous_0)","decl":{"start":{"line":5,"column":17},"end":{"line":5,"column":18}},"loc":{"start":{"line":5,"column":43},"end":{"line":96,"column":1}},"line":5},"1":{"name":"(anonymous_1)","decl":{"start":{"line":7,"column":4},"end":{"line":7,"column":5}},"loc":{"start":{"line":7,"column":29},"end":{"line":10,"column":5}},"line":7},"2":{"name":"(anonymous_2)","decl":{"start":{"line":89,"column":20},"end":{"line":89,"column":21}},"loc":{"start":{"line":89,"column":30},"end":{"line":91,"column":7}},"line":89}},"branchMap":{},"s":{"0":3,"1":3,"2":3,"3":3,"4":3,"5":3,"6":2,"7":3},"f":{"0":3,"1":3,"2":2},"b":{},"_coverageSchema":"1a1c01bbd47fc00a2c39e90264f33305004495a9","hash":"c5420f00ff0c1227c198d0811fa744f86030192a"}
,"C:\\Users\\revir\\Desktop\\HACKTIV\\Hacktiv8\\fase 2\\Individual Project\\IP-RMT50\\server\\models\\village.js": {"path":"C:\\Users\\revir\\Desktop\\HACKTIV\\Hacktiv8\\fase 2\\Individual Project\\IP-RMT50\\server\\models\\village.js","statementMap":{"0":{"start":{"line":2,"column":18},"end":{"line":2,"column":38}},"1":{"start":{"line":3,"column":0},"end":{"line":37,"column":2}},"2":{"start":{"line":6,"column":6},"end":{"line":8,"column":9}},"3":{"start":{"line":11,"column":2},"end":{"line":35,"column":5}},"4":{"start":{"line":36,"column":2},"end":{"line":36,"column":17}}},"fnMap":{"0":{"name":"(anonymous_0)","decl":{"start":{"line":3,"column":17},"end":{"line":3,"column":18}},"loc":{"start":{"line":3,"column":43},"end":{"line":37,"column":1}},"line":3},"1":{"name":"(anonymous_1)","decl":{"start":{"line":5,"column":4},"end":{"line":5,"column":5}},"loc":{"start":{"line":5,"column":29},"end":{"line":9,"column":5}},"line":5}},"branchMap":{},"s":{"0":3,"1":3,"2":3,"3":3,"4":3},"f":{"0":3,"1":3},"b":{},"_coverageSchema":"1a1c01bbd47fc00a2c39e90264f33305004495a9","hash":"86e2c36cab3084814fdb839b00b9ac908b863e46"}
,"C:\\Users\\revir\\Desktop\\HACKTIV\\Hacktiv8\\fase 2\\Individual Project\\IP-RMT50\\server\\routes\\characters.js": {"path":"C:\\Users\\revir\\Desktop\\HACKTIV\\Hacktiv8\\fase 2\\Individual Project\\IP-RMT50\\server\\routes\\characters.js","statementMap":{"0":{"start":{"line":1,"column":15},"end":{"line":1,"column":42}},"1":{"start":{"line":2,"column":103},"end":{"line":2,"column":148}},"2":{"start":{"line":3,"column":27},"end":{"line":3,"column":67}},"3":{"start":{"line":4,"column":23},"end":{"line":4,"column":62}},"4":{"start":{"line":9,"column":0},"end":{"line":9,"column":41}},"5":{"start":{"line":11,"column":0},"end":{"line":11,"column":48}},"6":{"start":{"line":14,"column":0},"end":{"line":14,"column":27}},"7":{"start":{"line":15,"column":0},"end":{"line":15,"column":44}},"8":{"start":{"line":16,"column":0},"end":{"line":16,"column":51}},"9":{"start":{"line":17,"column":0},"end":{"line":17,"column":54}},"10":{"start":{"line":19,"column":0},"end":{"line":19,"column":24}}},"fnMap":{},"branchMap":{},"s":{"0":3,"1":3,"2":3,"3":3,"4":3,"5":3,"6":3,"7":3,"8":3,"9":3,"10":3},"f":{},"b":{},"_coverageSchema":"1a1c01bbd47fc00a2c39e90264f33305004495a9","hash":"b4aa04dbf576eae0af76a23ce18aa1e1d12953c4"}
,"C:\\Users\\revir\\Desktop\\HACKTIV\\Hacktiv8\\fase 2\\Individual Project\\IP-RMT50\\server\\routes\\index.js": {"path":"C:\\Users\\revir\\Desktop\\HACKTIV\\Hacktiv8\\fase 2\\Individual Project\\IP-RMT50\\server\\routes\\index.js","statementMap":{"0":{"start":{"line":1,"column":15},"end":{"line":1,"column":42}},"1":{"start":{"line":2,"column":73},"end":{"line":2,"column":113}},"2":{"start":{"line":3,"column":27},"end":{"line":3,"column":67}},"3":{"start":{"line":4,"column":23},"end":{"line":4,"column":62}},"4":{"start":{"line":6,"column":15},"end":{"line":6,"column":38}},"5":{"start":{"line":8,"column":0},"end":{"line":8,"column":29}},"6":{"start":{"line":9,"column":0},"end":{"line":9,"column":35}},"7":{"start":{"line":10,"column":0},"end":{"line":10,"column":33}},"8":{"start":{"line":12,"column":0},"end":{"line":12,"column":27}},"9":{"start":{"line":15,"column":0},"end":{"line":15,"column":46}},"10":{"start":{"line":16,"column":0},"end":{"line":16,"column":37}},"11":{"start":{"line":17,"column":0},"end":{"line":17,"column":52}},"12":{"start":{"line":19,"column":0},"end":{"line":19,"column":18}},"13":{"start":{"line":21,"column":0},"end":{"line":21,"column":24}}},"fnMap":{},"branchMap":{},"s":{"0":3,"1":3,"2":3,"3":3,"4":3,"5":3,"6":3,"7":3,"8":3,"9":3,"10":3,"11":3,"12":3,"13":3},"f":{},"b":{},"_coverageSchema":"1a1c01bbd47fc00a2c39e90264f33305004495a9","hash":"6f7d114e2837d723e19196fd04d617a7d099fed7"}
}
