TN:
SF:app.js
FN:17,(anonymous_0)
FN:19,(anonymous_1)
FN:20,(anonymous_2)
FNF:3
FNH:0
FNDA:0,(anonymous_0)
FNDA:0,(anonymous_1)
FNDA:0,(anonymous_2)
DA:1,2
DA:2,2
DA:4,2
DA:5,2
DA:6,2
DA:7,2
DA:8,2
DA:11,2
DA:12,2
DA:13,2
DA:17,2
DA:18,0
DA:19,0
DA:20,0
DA:25,2
DA:26,2
DA:27,2
DA:31,2
DA:32,2
DA:35,2
DA:36,2
DA:38,2
DA:39,2
DA:40,2
DA:41,2
DA:44,2
DA:46,2
LF:27
LH:24
BRDA:1,0,0,2
BRDA:1,0,1,0
BRF:2
BRH:1
end_of_record
TN:
SF:Controllers\channelController.js
FN:17,(anonymous_0)
FN:58,(anonymous_1)
FN:77,(anonymous_2)
FN:97,(anonymous_3)
FN:113,(anonymous_4)
FN:171,(anonymous_5)
FN:196,(anonymous_6)
FN:221,(anonymous_7)
FN:248,(anonymous_8)
FN:257,(anonymous_9)
FNF:10
FNH:5
FNDA:1,(anonymous_0)
FNDA:57,(anonymous_1)
FNDA:0,(anonymous_2)
FNDA:0,(anonymous_3)
FNDA:1,(anonymous_4)
FNDA:0,(anonymous_5)
FNDA:0,(anonymous_6)
FNDA:5,(anonymous_7)
FNDA:0,(anonymous_8)
FNDA:2,(anonymous_9)
DA:1,2
DA:2,2
DA:3,2
DA:4,2
DA:5,2
DA:6,2
DA:7,2
DA:8,2
DA:9,2
DA:10,2
DA:11,2
DA:12,2
DA:13,2
DA:18,1
DA:19,1
DA:21,1
DA:32,1
DA:33,0
DA:35,1
DA:36,0
DA:38,1
DA:39,0
DA:41,1
DA:42,0
DA:45,1
DA:46,1
DA:48,1
DA:58,57
DA:59,1
DA:61,1
DA:62,0
DA:68,0
DA:69,0
DA:70,0
DA:72,0
DA:76,1
DA:77,0
DA:78,0
DA:83,1
DA:84,1
DA:86,1
DA:92,0
DA:93,0
DA:98,0
DA:99,0
DA:100,0
DA:101,0
DA:102,0
DA:104,0
DA:106,0
DA:108,0
DA:109,0
DA:114,1
DA:115,1
DA:117,1
DA:118,0
DA:119,0
DA:122,1
DA:123,1
DA:124,1
DA:125,1
DA:126,0
DA:127,0
DA:130,1
DA:145,1
DA:152,1
DA:158,1
DA:160,0
DA:162,1
DA:163,1
DA:164,0
DA:165,0
DA:167,1
DA:168,1
DA:172,0
DA:173,0
DA:175,0
DA:176,0
DA:177,0
DA:179,0
DA:180,0
DA:181,0
DA:182,0
DA:183,0
DA:184,0
DA:186,0
DA:187,0
DA:189,0
DA:191,0
DA:192,0
DA:197,0
DA:198,0
DA:200,0
DA:201,0
DA:202,0
DA:205,0
DA:207,0
DA:210,0
DA:213,0
DA:215,0
DA:217,0
DA:222,5
DA:223,5
DA:224,5
DA:225,5
DA:226,5
DA:227,1
DA:228,1
DA:230,4
DA:231,1
DA:232,1
DA:234,3
DA:235,3
DA:236,2
DA:237,2
DA:239,1
DA:240,0
DA:241,0
DA:243,1
DA:244,1
DA:247,0
DA:248,0
DA:249,0
DA:250,0
DA:252,0
DA:253,0
DA:258,2
DA:260,2
DA:262,2
DA:266,0
DA:267,0
DA:269,0
DA:277,0
DA:278,0
DA:280,2
DA:281,2
DA:286,2
LF:137
LH:68
BRDA:19,0,0,1
BRDA:32,1,0,0
BRDA:32,1,1,1
BRDA:35,2,0,0
BRDA:35,2,1,1
BRDA:38,3,0,0
BRDA:38,3,1,1
BRDA:41,4,0,0
BRDA:41,4,1,1
BRDA:68,5,0,0
BRDA:68,5,1,0
BRDA:68,6,0,0
BRDA:68,6,1,0
BRDA:76,7,0,0
BRDA:76,7,1,1
BRDA:78,8,0,0
BRDA:78,8,1,0
BRDA:101,9,0,0
BRDA:101,9,1,0
BRDA:117,10,0,0
BRDA:117,10,1,1
BRDA:117,11,0,1
BRDA:117,11,1,1
BRDA:125,12,0,0
BRDA:125,12,1,1
BRDA:163,13,0,0
BRDA:163,13,1,1
BRDA:175,14,0,0
BRDA:175,14,1,0
BRDA:175,15,0,0
BRDA:175,15,1,0
BRDA:182,16,0,0
BRDA:182,16,1,0
BRDA:200,17,0,0
BRDA:200,17,1,0
BRDA:200,18,0,0
BRDA:200,18,1,0
BRDA:226,19,0,1
BRDA:226,19,1,4
BRDA:230,20,0,1
BRDA:230,20,1,3
BRDA:235,21,0,2
BRDA:235,21,1,1
BRDA:239,22,0,0
BRDA:239,22,1,1
BRDA:247,23,0,0
BRDA:247,23,1,0
BRDA:278,24,0,0
BRDA:278,24,1,0
BRF:49
BRH:18
end_of_record
TN:
SF:helpers\bcryptjs.js
FN:4,(anonymous_0)
FN:5,(anonymous_1)
FNF:2
FNH:1
FNDA:0,(anonymous_0)
FNDA:1,(anonymous_1)
DA:1,2
DA:3,2
DA:4,2
DA:5,2
DA:7,2
LF:5
LH:5
BRF:0
BRH:0
end_of_record
TN:
SF:helpers\jwt.js
FN:3,signToken
FN:8,verifyToken
FNF:2
FNH:2
FNDA:1,signToken
FNDA:1,verifyToken
DA:1,2
DA:4,1
DA:5,1
DA:9,1
DA:10,1
DA:11,1
DA:13,0
DA:17,2
LF:8
LH:7
BRF:0
BRH:0
end_of_record
TN:
SF:middlewares\authentication.js
FN:5,authentication
FNF:1
FNH:1
FNDA:1,authentication
DA:1,2
DA:2,2
DA:6,1
DA:7,1
DA:8,1
DA:9,0
DA:10,0
DA:13,1
DA:14,1
DA:15,0
DA:16,0
DA:18,1
DA:19,1
DA:20,0
DA:21,0
DA:22,0
DA:25,1
DA:26,1
DA:27,0
DA:28,0
DA:31,1
DA:32,1
DA:35,0
DA:40,2
LF:24
LH:14
BRDA:8,0,0,0
BRDA:8,0,1,1
BRDA:14,1,0,0
BRDA:14,1,1,1
BRDA:19,2,0,0
BRDA:19,2,1,1
BRDA:26,3,0,0
BRDA:26,3,1,1
BRF:8
BRH:4
end_of_record
TN:
SF:middlewares\errorHandler.js
FN:1,errorHandler
FN:9,(anonymous_1)
FNF:2
FNH:0
FNDA:0,errorHandler
FNDA:0,(anonymous_1)
DA:2,0
DA:3,0
DA:5,0
DA:8,0
DA:9,0
DA:10,0
DA:12,0
DA:13,0
DA:14,0
DA:16,0
DA:17,0
DA:18,0
DA:21,0
DA:22,0
DA:23,0
DA:25,0
DA:26,0
DA:27,0
DA:29,0
DA:30,0
DA:31,0
DA:33,0
DA:34,0
DA:35,0
DA:37,0
DA:43,2
LF:26
LH:1
BRDA:2,0,0,0
BRDA:2,0,1,0
BRDA:3,1,0,0
BRDA:3,1,1,0
BRDA:5,2,0,0
BRDA:5,2,1,0
BRDA:5,2,2,0
BRDA:5,2,3,0
BRDA:5,2,4,0
BRDA:5,2,5,0
BRDA:5,2,6,0
BRDA:5,2,7,0
BRDA:5,2,8,0
BRF:13
BRH:0
end_of_record
TN:
SF:models\channel.js
FN:5,(anonymous_0)
FN:12,(anonymous_1)
FNF:2
FNH:2
FNDA:2,(anonymous_0)
FNDA:2,(anonymous_1)
DA:4,2
DA:5,2
DA:13,2
DA:16,2
DA:41,2
LF:5
LH:5
BRF:0
BRH:0
end_of_record
TN:
SF:models\channelviews.js
FN:5,(anonymous_0)
FN:12,(anonymous_1)
FNF:2
FNH:2
FNDA:2,(anonymous_0)
FNDA:2,(anonymous_1)
DA:4,2
DA:5,2
DA:13,2
DA:16,2
DA:30,2
LF:5
LH:5
BRF:0
BRH:0
end_of_record
TN:
SF:models\index.js
FN:21,(anonymous_0)
FN:29,(anonymous_1)
FN:34,(anonymous_2)
FNF:3
FNH:3
FNDA:8,(anonymous_0)
FNDA:6,(anonymous_1)
FNDA:6,(anonymous_2)
DA:3,2
DA:4,2
DA:5,2
DA:6,2
DA:7,2
DA:8,2
DA:9,2
DA:10,2
DA:13,2
DA:14,0
DA:16,2
DA:19,2
DA:22,8
DA:30,6
DA:31,6
DA:34,2
DA:35,6
DA:36,6
DA:40,2
DA:41,2
DA:43,2
LF:21
LH:20
BRDA:8,0,0,2
BRDA:8,0,1,0
BRDA:13,1,0,0
BRDA:13,1,1,2
BRDA:23,2,0,8
BRDA:23,2,1,8
BRDA:23,2,2,6
BRDA:23,2,3,6
BRDA:35,3,0,6
BRDA:35,3,1,0
BRF:10
BRH:7
end_of_record
TN:
SF:models\user.js
FN:5,(anonymous_0)
FN:12,(anonymous_1)
FNF:2
FNH:2
FNDA:2,(anonymous_0)
FNDA:2,(anonymous_1)
DA:4,2
DA:5,2
DA:16,2
DA:33,2
LF:4
LH:4
BRF:0
BRH:0
end_of_record
TN:
SF:services\GeminiService.js
FN:4,summarizeJSON
FNF:1
FNH:0
FNDA:0,summarizeJSON
DA:1,2
DA:5,0
DA:6,0
DA:8,0
DA:10,0
DA:11,0
DA:13,0
DA:14,0
DA:15,0
DA:16,0
DA:18,0
DA:19,0
DA:23,2
LF:13
LH:2
BRF:0
BRH:0
end_of_record
TN:
SF:services\UpdateService.js
FN:13,updateAllChannelViews
FNF:1
FNH:0
FNDA:0,updateAllChannelViews
DA:1,2
DA:2,2
DA:3,2
DA:4,2
DA:5,2
DA:6,2
DA:7,2
DA:8,2
DA:14,0
DA:16,0
DA:17,0
DA:19,0
DA:20,0
DA:27,0
DA:32,0
DA:34,0
DA:35,0
DA:36,0
DA:40,0
DA:41,0
DA:42,0
DA:46,0
DA:53,0
DA:55,0
DA:56,0
DA:62,0
DA:67,2
LF:27
LH:9
BRDA:19,0,0,0
BRDA:19,0,1,0
BRDA:40,1,0,0
BRDA:40,1,1,0
BRF:4
BRH:0
end_of_record
TN:
SF:services\YoutubeService.js
FN:7,(anonymous_0)
FN:14,(anonymous_1)
FN:37,(anonymous_2)
FN:58,(anonymous_3)
FNF:4
FNH:2
FNDA:2,(anonymous_0)
FNDA:0,(anonymous_1)
FNDA:1,(anonymous_2)
FNDA:0,(anonymous_3)
DA:2,2
DA:3,2
DA:8,2
DA:15,0
DA:16,0
DA:22,0
DA:23,0
DA:27,0
DA:31,0
DA:32,0
DA:38,1
DA:39,1
DA:40,1
DA:41,1
DA:42,1
DA:44,1
DA:45,1
DA:51,1
DA:53,0
DA:54,0
DA:59,0
DA:60,0
DA:66,0
DA:68,0
DA:69,0
DA:75,2
LF:26
LH:12
BRDA:22,0,0,0
BRDA:22,0,1,0
BRF:2
BRH:0
end_of_record
