TN:
SF:app.js
FN:32,oo_cm
FNF:1
FNH:1
FNDA:3,oo_cm
DA:1,3
DA:2,3
DA:4,3
DA:8,3
DA:9,3
DA:10,3
DA:11,3
DA:12,3
DA:14,3
DA:15,3
DA:16,3
DA:17,3
DA:18,3
DA:25,3
DA:32,3
LF:15
LH:15
BRDA:2,0,0,3
BRDA:2,0,1,0
BRDA:32,1,0,3
BRDA:32,1,1,3
BRF:4
BRH:3
end_of_record
TN:
SF:controllers\characterController.js
FN:4,(anonymous_0)
FN:21,(anonymous_1)
FN:54,(anonymous_2)
FN:69,(anonymous_3)
FN:91,(anonymous_4)
FN:105,(anonymous_5)
FNF:6
FNH:0
FNDA:0,(anonymous_0)
FNDA:0,(anonymous_1)
FNDA:0,(anonymous_2)
FNDA:0,(anonymous_3)
FNDA:0,(anonymous_4)
FNDA:0,(anonymous_5)
DA:1,3
DA:3,3
DA:5,0
DA:6,0
DA:7,0
DA:15,0
DA:17,0
DA:22,0
DA:23,0
DA:24,0
DA:25,0
DA:39,0
DA:40,0
DA:43,0
DA:50,0
DA:55,0
DA:56,0
DA:57,0
DA:60,0
DA:61,0
DA:63,0
DA:65,0
DA:70,0
DA:71,0
DA:72,0
DA:73,0
DA:74,0
DA:75,0
DA:77,0
DA:85,0
DA:87,0
DA:92,0
DA:93,0
DA:94,0
DA:95,0
DA:96,0
DA:98,0
DA:99,0
DA:101,0
DA:106,0
DA:107,0
DA:108,0
DA:112,0
DA:114,0
LF:44
LH:2
BRDA:22,0,0,0
BRDA:22,1,0,0
BRDA:39,2,0,0
BRDA:39,2,1,0
BRDA:60,3,0,0
BRDA:60,3,1,0
BRDA:74,4,0,0
BRDA:74,4,1,0
BRDA:95,5,0,0
BRDA:95,5,1,0
BRF:10
BRH:0
end_of_record
TN:
SF:controllers\userController.js
FN:6,(anonymous_0)
FN:24,(anonymous_1)
FN:52,(anonymous_2)
FN:64,(anonymous_3)
FN:83,(anonymous_4)
FN:98,(anonymous_5)
FNF:6
FNH:3
FNDA:0,(anonymous_0)
FNDA:5,(anonymous_1)
FNDA:3,(anonymous_2)
FNDA:2,(anonymous_3)
FNDA:0,(anonymous_4)
FNDA:0,(anonymous_5)
DA:1,3
DA:2,3
DA:3,3
DA:4,3
DA:5,3
DA:7,0
DA:9,0
DA:10,0
DA:20,0
DA:25,5
DA:26,5
DA:27,5
DA:28,1
DA:30,4
DA:31,1
DA:33,3
DA:35,3
DA:36,1
DA:39,2
DA:41,2
DA:42,1
DA:45,1
DA:47,1
DA:49,4
DA:53,3
DA:54,3
DA:55,1
DA:60,2
DA:65,2
DA:66,2
DA:67,2
DA:72,2
DA:73,1
DA:76,1
DA:77,1
DA:79,1
DA:84,0
DA:85,0
DA:86,0
DA:88,0
DA:89,0
DA:92,0
DA:94,0
DA:99,0
DA:100,0
DA:101,0
DA:103,0
DA:105,0
DA:106,0
LF:49
LH:32
BRDA:27,0,0,1
BRDA:27,0,1,4
BRDA:30,1,0,1
BRDA:30,1,1,3
BRDA:35,2,0,1
BRDA:35,2,1,2
BRDA:41,3,0,1
BRDA:41,3,1,1
BRDA:72,4,0,1
BRDA:72,4,1,1
BRDA:88,5,0,0
BRDA:88,5,1,0
BRF:12
BRH:10
end_of_record
TN:
SF:helpers\bcrypt.js
FN:3,(anonymous_0)
FN:8,(anonymous_1)
FNF:2
FNH:2
FNDA:6,(anonymous_0)
FNDA:2,(anonymous_1)
DA:1,3
DA:3,3
DA:4,6
DA:5,6
DA:8,3
DA:9,2
DA:12,3
LF:7
LH:7
BRF:0
BRH:0
end_of_record
TN:
SF:helpers\geminiAI.js
FN:4,(anonymous_0)
FNF:1
FNH:0
FNDA:0,(anonymous_0)
DA:1,3
DA:2,3
DA:4,3
DA:5,0
DA:7,0
DA:9,0
DA:27,0
DA:28,0
DA:29,0
DA:30,0
DA:32,0
DA:33,0
DA:36,3
LF:13
LH:4
BRF:0
BRH:0
end_of_record
TN:
SF:helpers\jwt.js
FN:7,(anonymous_0)
FN:8,(anonymous_1)
FNF:2
FNH:2
FNDA:4,(anonymous_0)
FNDA:8,(anonymous_1)
DA:1,3
DA:2,3
DA:6,3
DA:7,4
DA:8,8
LF:5
LH:5
BRF:0
BRH:0
end_of_record
TN:
SF:middlewares\authentication.js
FN:4,authentication
FNF:1
FNH:1
FNDA:9,authentication
DA:1,3
DA:2,3
DA:5,9
DA:7,9
DA:9,9
DA:10,1
DA:12,8
DA:13,8
DA:14,0
DA:16,8
DA:17,8
DA:18,5
DA:21,5
DA:22,0
DA:25,5
DA:30,5
DA:33,4
DA:39,3
LF:18
LH:16
BRDA:9,0,0,1
BRDA:9,0,1,8
BRDA:13,1,0,0
BRDA:13,1,1,8
BRDA:21,2,0,0
BRDA:21,2,1,5
BRF:6
BRH:4
end_of_record
TN:
SF:middlewares\authorization.js
FN:3,authorization
FN:29,checkAdmin
FNF:2
FNH:1
FNDA:0,authorization
FNDA:3,checkAdmin
DA:1,3
DA:4,0
DA:5,0
DA:6,0
DA:7,0
DA:8,0
DA:9,0
DA:13,0
DA:14,0
DA:15,0
DA:19,0
DA:20,0
DA:23,0
DA:25,0
DA:30,3
DA:31,3
DA:33,0
DA:37,3
LF:18
LH:4
BRDA:8,0,0,0
BRDA:8,0,1,0
BRDA:13,1,0,0
BRDA:13,1,1,0
BRDA:19,2,0,0
BRDA:19,2,1,0
BRDA:30,3,0,3
BRDA:30,3,1,0
BRF:8
BRH:1
end_of_record
TN:
SF:middlewares\errorHandler.js
FN:1,errorHandler
FNF:1
FNH:1
FNDA:11,errorHandler
DA:2,11
DA:3,11
DA:5,11
DA:8,2
DA:9,2
DA:10,2
DA:12,0
DA:13,0
DA:14,0
DA:16,1
DA:17,1
DA:18,1
DA:22,4
DA:23,4
DA:24,4
DA:26,0
DA:27,0
DA:28,0
DA:30,0
DA:31,0
DA:32,0
DA:34,1
DA:35,1
DA:36,1
DA:38,1
DA:39,1
DA:40,1
DA:42,1
DA:43,1
DA:44,1
DA:46,1
DA:47,1
DA:50,11
DA:55,3
LF:34
LH:25
BRDA:2,0,0,11
BRDA:2,0,1,11
BRDA:3,1,0,11
BRDA:3,1,1,6
BRDA:5,2,0,0
BRDA:5,2,1,2
BRDA:5,2,2,0
BRDA:5,2,3,1
BRDA:5,2,4,1
BRDA:5,2,5,1
BRDA:5,2,6,4
BRDA:5,2,7,0
BRDA:5,2,8,0
BRDA:5,2,9,1
BRDA:5,2,10,1
BRDA:5,2,11,1
BRDA:5,2,12,1
BRF:17
BRH:13
end_of_record
TN:
SF:models\character.js
FN:4,(anonymous_0)
FN:6,(anonymous_1)
FNF:2
FNH:2
FNDA:3,(anonymous_0)
FNDA:3,(anonymous_1)
DA:2,3
DA:4,3
DA:7,3
DA:8,3
DA:12,3
DA:55,3
LF:6
LH:6
BRF:0
BRH:0
end_of_record
TN:
SF:models\index.js
FN:21,(anonymous_0)
FN:29,(anonymous_1)
FN:34,(anonymous_2)
FNF:3
FNH:3
FNDA:12,(anonymous_0)
FNDA:9,(anonymous_1)
FNDA:9,(anonymous_2)
DA:3,3
DA:4,3
DA:5,3
DA:6,3
DA:7,3
DA:8,3
DA:9,3
DA:10,3
DA:13,3
DA:14,0
DA:16,3
DA:19,3
DA:22,12
DA:30,9
DA:31,9
DA:34,3
DA:35,9
DA:36,9
DA:40,3
DA:41,3
DA:43,3
LF:21
LH:20
BRDA:8,0,0,3
BRDA:8,0,1,0
BRDA:13,1,0,0
BRDA:13,1,1,3
BRDA:23,2,0,12
BRDA:23,2,1,12
BRDA:23,2,2,9
BRDA:23,2,3,9
BRDA:35,3,0,9
BRDA:35,3,1,0
BRF:10
BRH:7
end_of_record
TN:
SF:models\user.js
FN:5,(anonymous_0)
FN:7,(anonymous_1)
FN:89,(anonymous_2)
FNF:3
FNH:3
FNDA:3,(anonymous_0)
FNDA:3,(anonymous_1)
FNDA:2,(anonymous_2)
DA:2,3
DA:3,3
DA:5,3
DA:8,3
DA:9,3
DA:13,3
DA:90,2
DA:95,3
LF:8
LH:8
BRF:0
BRH:0
end_of_record
TN:
SF:models\village.js
FN:3,(anonymous_0)
FN:5,(anonymous_1)
FNF:2
FNH:2
FNDA:3,(anonymous_0)
FNDA:3,(anonymous_1)
DA:2,3
DA:3,3
DA:6,3
DA:11,3
DA:36,3
LF:5
LH:5
BRF:0
BRH:0
end_of_record
TN:
SF:routes\characters.js
FNF:0
FNH:0
DA:1,3
DA:2,3
DA:3,3
DA:4,3
DA:9,3
DA:11,3
DA:14,3
DA:15,3
DA:16,3
DA:17,3
DA:19,3
LF:11
LH:11
BRF:0
BRH:0
end_of_record
TN:
SF:routes\index.js
FNF:0
FNH:0
DA:1,3
DA:2,3
DA:3,3
DA:4,3
DA:6,3
DA:8,3
DA:9,3
DA:10,3
DA:12,3
DA:15,3
DA:16,3
DA:17,3
DA:19,3
DA:21,3
LF:14
LH:14
BRF:0
BRH:0
end_of_record
