{"C:\\Users\\alans\\OneDrive\\Desktop\\Hacktiv8\\Phase-2\\Week-3\\IP\\IP-RMT50\\app.js": {"path":"C:\\Users\\alans\\OneDrive\\Desktop\\Hacktiv8\\Phase-2\\Week-3\\IP\\IP-RMT50\\app.js","statementMap":{"0":{"start":{"line":1,"column":0},"end":{"line":3,"column":1}},"1":{"start":{"line":2,"column":4},"end":{"line":2,"column":31}},"2":{"start":{"line":5,"column":0},"end":{"line":5,"column":27}},"3":{"start":{"line":6,"column":13},"end":{"line":6,"column":28}},"4":{"start":{"line":7,"column":16},"end":{"line":7,"column":34}},"5":{"start":{"line":8,"column":12},"end":{"line":8,"column":21}},"6":{"start":{"line":9,"column":15},"end":{"line":9,"column":34}},"7":{"start":{"line":10,"column":21},"end":{"line":10,"column":58}},"8":{"start":{"line":12,"column":0},"end":{"line":12,"column":48}},"9":{"start":{"line":13,"column":0},"end":{"line":13,"column":24}},"10":{"start":{"line":15,"column":0},"end":{"line":17,"column":3}},"11":{"start":{"line":16,"column":4},"end":{"line":16,"column":29}},"12":{"start":{"line":19,"column":0},"end":{"line":19,"column":15}},"13":{"start":{"line":20,"column":0},"end":{"line":20,"column":16}},"14":{"start":{"line":21,"column":0},"end":{"line":21,"column":22}},"15":{"start":{"line":23,"column":0},"end":{"line":23,"column":21}}},"fnMap":{"0":{"name":"(anonymous_0)","decl":{"start":{"line":15,"column":13},"end":{"line":15,"column":14}},"loc":{"start":{"line":15,"column":27},"end":{"line":17,"column":1}},"line":15}},"branchMap":{"0":{"loc":{"start":{"line":1,"column":0},"end":{"line":3,"column":1}},"type":"if","locations":[{"start":{"line":1,"column":0},"end":{"line":3,"column":1}},{"start":{},"end":{}}],"line":1}},"s":{"0":3,"1":3,"2":3,"3":3,"4":3,"5":3,"6":3,"7":3,"8":3,"9":3,"10":3,"11":0,"12":3,"13":3,"14":3,"15":3},"f":{"0":0},"b":{"0":[3,0]},"_coverageSchema":"1a1c01bbd47fc00a2c39e90264f33305004495a9","hash":"3f0ea21986f5fc26c3726b70849b12195e97b21a"}
,"C:\\Users\\alans\\OneDrive\\Desktop\\Hacktiv8\\Phase-2\\Week-3\\IP\\IP-RMT50\\controllers\\PartyController.js": {"path":"C:\\Users\\alans\\OneDrive\\Desktop\\Hacktiv8\\Phase-2\\Week-3\\IP\\IP-RMT50\\controllers\\PartyController.js","statementMap":{"0":{"start":{"line":1,"column":35},"end":{"line":1,"column":55}},"1":{"start":{"line":3,"column":0},"end":{"line":104,"column":1}},"2":{"start":{"line":5,"column":8},"end":{"line":14,"column":9}},"3":{"start":{"line":6,"column":26},"end":{"line":10,"column":14}},"4":{"start":{"line":11,"column":12},"end":{"line":11,"column":44}},"5":{"start":{"line":13,"column":12},"end":{"line":13,"column":22}},"6":{"start":{"line":18,"column":8},"end":{"line":23,"column":9}},"7":{"start":{"line":19,"column":25},"end":{"line":19,"column":50}},"8":{"start":{"line":20,"column":12},"end":{"line":20,"column":42}},"9":{"start":{"line":22,"column":12},"end":{"line":22,"column":21}},"10":{"start":{"line":27,"column":23},"end":{"line":27,"column":33}},"11":{"start":{"line":28,"column":8},"end":{"line":33,"column":9}},"12":{"start":{"line":29,"column":25},"end":{"line":29,"column":53}},"13":{"start":{"line":30,"column":12},"end":{"line":30,"column":42}},"14":{"start":{"line":32,"column":12},"end":{"line":32,"column":21}},"15":{"start":{"line":37,"column":8},"end":{"line":46,"column":9}},"16":{"start":{"line":38,"column":29},"end":{"line":38,"column":95}},"17":{"start":{"line":39,"column":12},"end":{"line":41,"column":13}},"18":{"start":{"line":40,"column":16},"end":{"line":40,"column":47}},"19":{"start":{"line":42,"column":26},"end":{"line":42,"column":69}},"20":{"start":{"line":43,"column":12},"end":{"line":43,"column":44}},"21":{"start":{"line":45,"column":12},"end":{"line":45,"column":22}},"22":{"start":{"line":50,"column":23},"end":{"line":50,"column":33}},"23":{"start":{"line":51,"column":8},"end":{"line":60,"column":9}},"24":{"start":{"line":52,"column":26},"end":{"line":52,"column":69}},"25":{"start":{"line":53,"column":12},"end":{"line":55,"column":13}},"26":{"start":{"line":54,"column":16},"end":{"line":54,"column":49}},"27":{"start":{"line":56,"column":12},"end":{"line":56,"column":34}},"28":{"start":{"line":57,"column":12},"end":{"line":57,"column":92}},"29":{"start":{"line":59,"column":12},"end":{"line":59,"column":22}},"30":{"start":{"line":64,"column":23},"end":{"line":64,"column":33}},"31":{"start":{"line":65,"column":8},"end":{"line":76,"column":9}},"32":{"start":{"line":66,"column":29},"end":{"line":66,"column":75}},"33":{"start":{"line":67,"column":12},"end":{"line":69,"column":13}},"34":{"start":{"line":68,"column":16},"end":{"line":68,"column":45}},"35":{"start":{"line":70,"column":25},"end":{"line":72,"column":14}},"36":{"start":{"line":73,"column":12},"end":{"line":73,"column":43}},"37":{"start":{"line":75,"column":12},"end":{"line":75,"column":22}},"38":{"start":{"line":80,"column":42},"end":{"line":80,"column":50}},"39":{"start":{"line":81,"column":27},"end":{"line":81,"column":37}},"40":{"start":{"line":82,"column":8},"end":{"line":88,"column":9}},"41":{"start":{"line":83,"column":25},"end":{"line":83,"column":52}},"42":{"start":{"line":84,"column":12},"end":{"line":84,"column":56}},"43":{"start":{"line":85,"column":12},"end":{"line":85,"column":42}},"44":{"start":{"line":87,"column":12},"end":{"line":87,"column":22}},"45":{"start":{"line":92,"column":27},"end":{"line":92,"column":37}},"46":{"start":{"line":93,"column":8},"end":{"line":102,"column":9}},"47":{"start":{"line":94,"column":25},"end":{"line":94,"column":52}},"48":{"start":{"line":95,"column":12},"end":{"line":97,"column":13}},"49":{"start":{"line":96,"column":16},"end":{"line":96,"column":60}},"50":{"start":{"line":98,"column":12},"end":{"line":98,"column":27}},"51":{"start":{"line":99,"column":12},"end":{"line":99,"column":89}},"52":{"start":{"line":101,"column":12},"end":{"line":101,"column":22}}},"fnMap":{"0":{"name":"(anonymous_0)","decl":{"start":{"line":4,"column":4},"end":{"line":4,"column":5}},"loc":{"start":{"line":4,"column":35},"end":{"line":15,"column":5}},"line":4},"1":{"name":"(anonymous_1)","decl":{"start":{"line":17,"column":4},"end":{"line":17,"column":5}},"loc":{"start":{"line":17,"column":39},"end":{"line":24,"column":5}},"line":17},"2":{"name":"(anonymous_2)","decl":{"start":{"line":26,"column":4},"end":{"line":26,"column":5}},"loc":{"start":{"line":26,"column":43},"end":{"line":34,"column":5}},"line":26},"3":{"name":"(anonymous_3)","decl":{"start":{"line":36,"column":4},"end":{"line":36,"column":5}},"loc":{"start":{"line":36,"column":38},"end":{"line":47,"column":5}},"line":36},"4":{"name":"(anonymous_4)","decl":{"start":{"line":49,"column":4},"end":{"line":49,"column":5}},"loc":{"start":{"line":49,"column":38},"end":{"line":61,"column":5}},"line":49},"5":{"name":"(anonymous_5)","decl":{"start":{"line":63,"column":4},"end":{"line":63,"column":5}},"loc":{"start":{"line":63,"column":37},"end":{"line":77,"column":5}},"line":63},"6":{"name":"(anonymous_6)","decl":{"start":{"line":79,"column":4},"end":{"line":79,"column":5}},"loc":{"start":{"line":79,"column":37},"end":{"line":89,"column":5}},"line":79},"7":{"name":"(anonymous_7)","decl":{"start":{"line":91,"column":4},"end":{"line":91,"column":5}},"loc":{"start":{"line":91,"column":37},"end":{"line":103,"column":5}},"line":91}},"branchMap":{"0":{"loc":{"start":{"line":39,"column":12},"end":{"line":41,"column":13}},"type":"if","locations":[{"start":{"line":39,"column":12},"end":{"line":41,"column":13}},{"start":{},"end":{}}],"line":39},"1":{"loc":{"start":{"line":53,"column":12},"end":{"line":55,"column":13}},"type":"if","locations":[{"start":{"line":53,"column":12},"end":{"line":55,"column":13}},{"start":{},"end":{}}],"line":53},"2":{"loc":{"start":{"line":67,"column":12},"end":{"line":69,"column":13}},"type":"if","locations":[{"start":{"line":67,"column":12},"end":{"line":69,"column":13}},{"start":{},"end":{}}],"line":67},"3":{"loc":{"start":{"line":95,"column":12},"end":{"line":97,"column":13}},"type":"if","locations":[{"start":{"line":95,"column":12},"end":{"line":97,"column":13}},{"start":{},"end":{}}],"line":95}},"s":{"0":3,"1":3,"2":1,"3":1,"4":1,"5":0,"6":0,"7":0,"8":0,"9":0,"10":0,"11":0,"12":0,"13":0,"14":0,"15":2,"16":2,"17":2,"18":1,"19":1,"20":1,"21":1,"22":2,"23":2,"24":2,"25":2,"26":1,"27":1,"28":1,"29":1,"30":4,"31":4,"32":4,"33":4,"34":1,"35":3,"36":1,"37":3,"38":1,"39":1,"40":1,"41":1,"42":1,"43":1,"44":0,"45":0,"46":0,"47":0,"48":0,"49":0,"50":0,"51":0,"52":0},"f":{"0":1,"1":0,"2":0,"3":2,"4":2,"5":4,"6":1,"7":0},"b":{"0":[1,1],"1":[1,1],"2":[1,3],"3":[0,0]},"_coverageSchema":"1a1c01bbd47fc00a2c39e90264f33305004495a9","hash":"5b9ab6d98b6a71daba0449cf88e7688de5e0c9ca"}
,"C:\\Users\\alans\\OneDrive\\Desktop\\Hacktiv8\\Phase-2\\Week-3\\IP\\IP-RMT50\\controllers\\PublicConroller.js": {"path":"C:\\Users\\alans\\OneDrive\\Desktop\\Hacktiv8\\Phase-2\\Week-3\\IP\\IP-RMT50\\controllers\\PublicConroller.js","statementMap":{"0":{"start":{"line":1,"column":19},"end":{"line":1,"column":39}},"1":{"start":{"line":3,"column":0},"end":{"line":25,"column":1}},"2":{"start":{"line":5,"column":8},"end":{"line":10,"column":9}},"3":{"start":{"line":6,"column":25},"end":{"line":6,"column":47}},"4":{"start":{"line":7,"column":12},"end":{"line":7,"column":43}},"5":{"start":{"line":9,"column":12},"end":{"line":9,"column":22}},"6":{"start":{"line":14,"column":8},"end":{"line":23,"column":9}},"7":{"start":{"line":15,"column":27},"end":{"line":15,"column":37}},"8":{"start":{"line":16,"column":25},"end":{"line":16,"column":50}},"9":{"start":{"line":17,"column":12},"end":{"line":19,"column":13}},"10":{"start":{"line":18,"column":16},"end":{"line":18,"column":47}},"11":{"start":{"line":20,"column":12},"end":{"line":20,"column":42}},"12":{"start":{"line":22,"column":12},"end":{"line":22,"column":22}}},"fnMap":{"0":{"name":"(anonymous_0)","decl":{"start":{"line":4,"column":4},"end":{"line":4,"column":5}},"loc":{"start":{"line":4,"column":37},"end":{"line":11,"column":5}},"line":4},"1":{"name":"(anonymous_1)","decl":{"start":{"line":13,"column":4},"end":{"line":13,"column":5}},"loc":{"start":{"line":13,"column":40},"end":{"line":24,"column":5}},"line":13}},"branchMap":{"0":{"loc":{"start":{"line":17,"column":12},"end":{"line":19,"column":13}},"type":"if","locations":[{"start":{"line":17,"column":12},"end":{"line":19,"column":13}},{"start":{},"end":{}}],"line":17}},"s":{"0":3,"1":3,"2":1,"3":1,"4":1,"5":0,"6":1,"7":1,"8":1,"9":1,"10":0,"11":1,"12":0},"f":{"0":1,"1":1},"b":{"0":[0,1]},"_coverageSchema":"1a1c01bbd47fc00a2c39e90264f33305004495a9","hash":"36000bacbfc46aa23d7c4d8b1e8328b84fac3b0c"}
,"C:\\Users\\alans\\OneDrive\\Desktop\\Hacktiv8\\Phase-2\\Week-3\\IP\\IP-RMT50\\controllers\\UserController.js": {"path":"C:\\Users\\alans\\OneDrive\\Desktop\\Hacktiv8\\Phase-2\\Week-3\\IP\\IP-RMT50\\controllers\\UserController.js","statementMap":{"0":{"start":{"line":1,"column":28},"end":{"line":1,"column":56}},"1":{"start":{"line":2,"column":22},"end":{"line":2,"column":47}},"2":{"start":{"line":3,"column":17},"end":{"line":3,"column":37}},"3":{"start":{"line":4,"column":25},"end":{"line":4,"column":55}},"4":{"start":{"line":5,"column":15},"end":{"line":5,"column":33}},"5":{"start":{"line":7,"column":0},"end":{"line":94,"column":1}},"6":{"start":{"line":9,"column":8},"end":{"line":14,"column":9}},"7":{"start":{"line":10,"column":25},"end":{"line":10,"column":52}},"8":{"start":{"line":11,"column":12},"end":{"line":11,"column":69}},"9":{"start":{"line":13,"column":12},"end":{"line":13,"column":22}},"10":{"start":{"line":18,"column":8},"end":{"line":23,"column":9}},"11":{"start":{"line":19,"column":25},"end":{"line":19,"column":52}},"12":{"start":{"line":20,"column":12},"end":{"line":20,"column":69}},"13":{"start":{"line":22,"column":12},"end":{"line":22,"column":22}},"14":{"start":{"line":27,"column":8},"end":{"line":47,"column":9}},"15":{"start":{"line":28,"column":40},"end":{"line":28,"column":48}},"16":{"start":{"line":29,"column":12},"end":{"line":31,"column":13}},"17":{"start":{"line":30,"column":16},"end":{"line":30,"column":46}},"18":{"start":{"line":32,"column":12},"end":{"line":34,"column":13}},"19":{"start":{"line":33,"column":16},"end":{"line":33,"column":45}},"20":{"start":{"line":35,"column":25},"end":{"line":35,"column":65}},"21":{"start":{"line":36,"column":12},"end":{"line":38,"column":13}},"22":{"start":{"line":37,"column":16},"end":{"line":37,"column":47}},"23":{"start":{"line":39,"column":31},"end":{"line":39,"column":71}},"24":{"start":{"line":40,"column":12},"end":{"line":42,"column":13}},"25":{"start":{"line":41,"column":16},"end":{"line":41,"column":46}},"26":{"start":{"line":43,"column":26},"end":{"line":43,"column":52}},"27":{"start":{"line":44,"column":12},"end":{"line":44,"column":57}},"28":{"start":{"line":46,"column":12},"end":{"line":46,"column":22}},"29":{"start":{"line":51,"column":8},"end":{"line":56,"column":9}},"30":{"start":{"line":52,"column":26},"end":{"line":52,"column":46}},"31":{"start":{"line":53,"column":12},"end":{"line":53,"column":43}},"32":{"start":{"line":55,"column":12},"end":{"line":55,"column":22}},"33":{"start":{"line":60,"column":23},"end":{"line":60,"column":33}},"34":{"start":{"line":61,"column":8},"end":{"line":69,"column":9}},"35":{"start":{"line":62,"column":26},"end":{"line":62,"column":49}},"36":{"start":{"line":63,"column":12},"end":{"line":65,"column":13}},"37":{"start":{"line":64,"column":16},"end":{"line":64,"column":52}},"38":{"start":{"line":66,"column":12},"end":{"line":66,"column":43}},"39":{"start":{"line":68,"column":12},"end":{"line":68,"column":22}},"40":{"start":{"line":73,"column":8},"end":{"line":92,"column":9}},"41":{"start":{"line":74,"column":27},"end":{"line":77,"column":14}},"42":{"start":{"line":78,"column":28},"end":{"line":78,"column":47}},"43":{"start":{"line":79,"column":36},"end":{"line":87,"column":14}},"44":{"start":{"line":88,"column":33},"end":{"line":88,"column":59}},"45":{"start":{"line":89,"column":12},"end":{"line":89,"column":66}},"46":{"start":{"line":91,"column":12},"end":{"line":91,"column":21}}},"fnMap":{"0":{"name":"(anonymous_0)","decl":{"start":{"line":8,"column":4},"end":{"line":8,"column":5}},"loc":{"start":{"line":8,"column":35},"end":{"line":15,"column":5}},"line":8},"1":{"name":"(anonymous_1)","decl":{"start":{"line":17,"column":4},"end":{"line":17,"column":5}},"loc":{"start":{"line":17,"column":34},"end":{"line":24,"column":5}},"line":17},"2":{"name":"(anonymous_2)","decl":{"start":{"line":26,"column":4},"end":{"line":26,"column":5}},"loc":{"start":{"line":26,"column":32},"end":{"line":48,"column":5}},"line":26},"3":{"name":"(anonymous_3)","decl":{"start":{"line":50,"column":4},"end":{"line":50,"column":5}},"loc":{"start":{"line":50,"column":34},"end":{"line":57,"column":5}},"line":50},"4":{"name":"(anonymous_4)","decl":{"start":{"line":59,"column":4},"end":{"line":59,"column":5}},"loc":{"start":{"line":59,"column":38},"end":{"line":70,"column":5}},"line":59},"5":{"name":"(anonymous_5)","decl":{"start":{"line":72,"column":4},"end":{"line":72,"column":5}},"loc":{"start":{"line":72,"column":38},"end":{"line":93,"column":5}},"line":72}},"branchMap":{"0":{"loc":{"start":{"line":29,"column":12},"end":{"line":31,"column":13}},"type":"if","locations":[{"start":{"line":29,"column":12},"end":{"line":31,"column":13}},{"start":{},"end":{}}],"line":29},"1":{"loc":{"start":{"line":32,"column":12},"end":{"line":34,"column":13}},"type":"if","locations":[{"start":{"line":32,"column":12},"end":{"line":34,"column":13}},{"start":{},"end":{}}],"line":32},"2":{"loc":{"start":{"line":36,"column":12},"end":{"line":38,"column":13}},"type":"if","locations":[{"start":{"line":36,"column":12},"end":{"line":38,"column":13}},{"start":{},"end":{}}],"line":36},"3":{"loc":{"start":{"line":40,"column":12},"end":{"line":42,"column":13}},"type":"if","locations":[{"start":{"line":40,"column":12},"end":{"line":42,"column":13}},{"start":{},"end":{}}],"line":40},"4":{"loc":{"start":{"line":63,"column":12},"end":{"line":65,"column":13}},"type":"if","locations":[{"start":{"line":63,"column":12},"end":{"line":65,"column":13}},{"start":{},"end":{}}],"line":63},"5":{"loc":{"start":{"line":89,"column":23},"end":{"line":89,"column":42}},"type":"cond-expr","locations":[{"start":{"line":89,"column":33},"end":{"line":89,"column":36}},{"start":{"line":89,"column":39},"end":{"line":89,"column":42}}],"line":89}},"s":{"0":3,"1":3,"2":3,"3":3,"4":3,"5":3,"6":7,"7":7,"8":1,"9":6,"10":7,"11":7,"12":1,"13":6,"14":5,"15":5,"16":5,"17":1,"18":4,"19":1,"20":3,"21":3,"22":1,"23":2,"24":2,"25":1,"26":1,"27":1,"28":4,"29":1,"30":1,"31":1,"32":0,"33":2,"34":2,"35":2,"36":2,"37":1,"38":1,"39":1,"40":1,"41":1,"42":0,"43":0,"44":0,"45":0,"46":1},"f":{"0":7,"1":7,"2":5,"3":1,"4":2,"5":1},"b":{"0":[1,4],"1":[1,3],"2":[1,2],"3":[1,1],"4":[1,1],"5":[0,0]},"_coverageSchema":"1a1c01bbd47fc00a2c39e90264f33305004495a9","hash":"bc63acbc975a90845351a2d7d4426aef311b10b4"}
,"C:\\Users\\alans\\OneDrive\\Desktop\\Hacktiv8\\Phase-2\\Week-3\\IP\\IP-RMT50\\helpers\\bcrypt.js": {"path":"C:\\Users\\alans\\OneDrive\\Desktop\\Hacktiv8\\Phase-2\\Week-3\\IP\\IP-RMT50\\helpers\\bcrypt.js","statementMap":{"0":{"start":{"line":1,"column":15},"end":{"line":1,"column":32}},"1":{"start":{"line":3,"column":21},"end":{"line":6,"column":1}},"2":{"start":{"line":4,"column":17},"end":{"line":4,"column":39}},"3":{"start":{"line":5,"column":4},"end":{"line":5,"column":42}},"4":{"start":{"line":8,"column":24},"end":{"line":10,"column":1}},"5":{"start":{"line":9,"column":4},"end":{"line":9,"column":53}},"6":{"start":{"line":12,"column":0},"end":{"line":12,"column":50}}},"fnMap":{"0":{"name":"(anonymous_0)","decl":{"start":{"line":3,"column":21},"end":{"line":3,"column":22}},"loc":{"start":{"line":3,"column":35},"end":{"line":6,"column":1}},"line":3},"1":{"name":"(anonymous_1)","decl":{"start":{"line":8,"column":24},"end":{"line":8,"column":25}},"loc":{"start":{"line":8,"column":52},"end":{"line":10,"column":1}},"line":8}},"branchMap":{},"s":{"0":3,"1":3,"2":6,"3":6,"4":3,"5":2,"6":3},"f":{"0":6,"1":2},"b":{},"_coverageSchema":"1a1c01bbd47fc00a2c39e90264f33305004495a9","hash":"67c0886d3ad0e39cf96e1707c953cdf5b6da99b6"}
,"C:\\Users\\alans\\OneDrive\\Desktop\\Hacktiv8\\Phase-2\\Week-3\\IP\\IP-RMT50\\helpers\\gemini.js": {"path":"C:\\Users\\alans\\OneDrive\\Desktop\\Hacktiv8\\Phase-2\\Week-3\\IP\\IP-RMT50\\helpers\\gemini.js","statementMap":{"0":{"start":{"line":1,"column":31},"end":{"line":1,"column":63}},"1":{"start":{"line":2,"column":0},"end":{"line":2,"column":26}},"2":{"start":{"line":4,"column":15},"end":{"line":26,"column":1}},"3":{"start":{"line":5,"column":18},"end":{"line":5,"column":71}},"4":{"start":{"line":7,"column":18},"end":{"line":7,"column":73}},"5":{"start":{"line":10,"column":19},"end":{"line":18,"column":41}},"6":{"start":{"line":20,"column":19},"end":{"line":20,"column":54}},"7":{"start":{"line":21,"column":21},"end":{"line":21,"column":42}},"8":{"start":{"line":22,"column":15},"end":{"line":22,"column":30}},"9":{"start":{"line":24,"column":4},"end":{"line":24,"column":34}},"10":{"start":{"line":25,"column":4},"end":{"line":25,"column":16}},"11":{"start":{"line":28,"column":0},"end":{"line":28,"column":23}}},"fnMap":{"0":{"name":"(anonymous_0)","decl":{"start":{"line":4,"column":15},"end":{"line":4,"column":16}},"loc":{"start":{"line":4,"column":36},"end":{"line":26,"column":1}},"line":4}},"branchMap":{},"s":{"0":3,"1":3,"2":3,"3":0,"4":0,"5":0,"6":0,"7":0,"8":0,"9":0,"10":0,"11":3},"f":{"0":0},"b":{},"_coverageSchema":"1a1c01bbd47fc00a2c39e90264f33305004495a9","hash":"0c1253854bf5ad2fb1ffa4cb4016fc399e269a2c"}
,"C:\\Users\\alans\\OneDrive\\Desktop\\Hacktiv8\\Phase-2\\Week-3\\IP\\IP-RMT50\\helpers\\jwt.js": {"path":"C:\\Users\\alans\\OneDrive\\Desktop\\Hacktiv8\\Phase-2\\Week-3\\IP\\IP-RMT50\\helpers\\jwt.js","statementMap":{"0":{"start":{"line":1,"column":25},"end":{"line":1,"column":48}},"1":{"start":{"line":2,"column":15},"end":{"line":2,"column":37}},"2":{"start":{"line":4,"column":0},"end":{"line":12,"column":1}},"3":{"start":{"line":6,"column":8},"end":{"line":6,"column":36}},"4":{"start":{"line":10,"column":7},"end":{"line":10,"column":36}}},"fnMap":{"0":{"name":"(anonymous_0)","decl":{"start":{"line":5,"column":4},"end":{"line":5,"column":5}},"loc":{"start":{"line":5,"column":23},"end":{"line":7,"column":5}},"line":5},"1":{"name":"(anonymous_1)","decl":{"start":{"line":9,"column":4},"end":{"line":9,"column":5}},"loc":{"start":{"line":9,"column":23},"end":{"line":11,"column":5}},"line":9}},"branchMap":{},"s":{"0":3,"1":3,"2":3,"3":5,"4":24},"f":{"0":5,"1":24},"b":{},"_coverageSchema":"1a1c01bbd47fc00a2c39e90264f33305004495a9","hash":"1a8b946ca563d2d798cec8d7932cc74919b93050"}
,"C:\\Users\\alans\\OneDrive\\Desktop\\Hacktiv8\\Phase-2\\Week-3\\IP\\IP-RMT50\\middlewares\\authentication.js": {"path":"C:\\Users\\alans\\OneDrive\\Desktop\\Hacktiv8\\Phase-2\\Week-3\\IP\\IP-RMT50\\middlewares\\authentication.js","statementMap":{"0":{"start":{"line":1,"column":24},"end":{"line":1,"column":49}},"1":{"start":{"line":2,"column":17},"end":{"line":2,"column":37}},"2":{"start":{"line":4,"column":0},"end":{"line":29,"column":1}},"3":{"start":{"line":6,"column":8},"end":{"line":27,"column":9}},"4":{"start":{"line":7,"column":31},"end":{"line":7,"column":56}},"5":{"start":{"line":8,"column":12},"end":{"line":10,"column":13}},"6":{"start":{"line":9,"column":16},"end":{"line":9,"column":52}},"7":{"start":{"line":11,"column":34},"end":{"line":11,"column":57}},"8":{"start":{"line":12,"column":12},"end":{"line":14,"column":13}},"9":{"start":{"line":13,"column":16},"end":{"line":13,"column":52}},"10":{"start":{"line":15,"column":25},"end":{"line":15,"column":43}},"11":{"start":{"line":16,"column":23},"end":{"line":16,"column":46}},"12":{"start":{"line":17,"column":12},"end":{"line":19,"column":13}},"13":{"start":{"line":18,"column":16},"end":{"line":18,"column":52}},"14":{"start":{"line":20,"column":12},"end":{"line":23,"column":14}},"15":{"start":{"line":24,"column":12},"end":{"line":24,"column":19}},"16":{"start":{"line":26,"column":12},"end":{"line":26,"column":21}}},"fnMap":{"0":{"name":"(anonymous_0)","decl":{"start":{"line":5,"column":4},"end":{"line":5,"column":5}},"loc":{"start":{"line":5,"column":41},"end":{"line":28,"column":5}},"line":5}},"branchMap":{"0":{"loc":{"start":{"line":8,"column":12},"end":{"line":10,"column":13}},"type":"if","locations":[{"start":{"line":8,"column":12},"end":{"line":10,"column":13}},{"start":{},"end":{}}],"line":8},"1":{"loc":{"start":{"line":12,"column":12},"end":{"line":14,"column":13}},"type":"if","locations":[{"start":{"line":12,"column":12},"end":{"line":14,"column":13}},{"start":{},"end":{}}],"line":12},"2":{"loc":{"start":{"line":17,"column":12},"end":{"line":19,"column":13}},"type":"if","locations":[{"start":{"line":17,"column":12},"end":{"line":19,"column":13}},{"start":{},"end":{}}],"line":17}},"s":{"0":3,"1":3,"2":3,"3":29,"4":29,"5":29,"6":0,"7":29,"8":29,"9":5,"10":24,"11":23,"12":23,"13":0,"14":23,"15":23,"16":6},"f":{"0":29},"b":{"0":[0,29],"1":[5,24],"2":[0,23]},"_coverageSchema":"1a1c01bbd47fc00a2c39e90264f33305004495a9","hash":"0503cc6fc04a7cfe13d3d5b2593bf2ccf31b1e91"}
,"C:\\Users\\alans\\OneDrive\\Desktop\\Hacktiv8\\Phase-2\\Week-3\\IP\\IP-RMT50\\middlewares\\authorization.js": {"path":"C:\\Users\\alans\\OneDrive\\Desktop\\Hacktiv8\\Phase-2\\Week-3\\IP\\IP-RMT50\\middlewares\\authorization.js","statementMap":{"0":{"start":{"line":1,"column":24},"end":{"line":1,"column":44}},"1":{"start":{"line":4,"column":0},"end":{"line":34,"column":1}},"2":{"start":{"line":6,"column":19},"end":{"line":6,"column":32}},"3":{"start":{"line":7,"column":8},"end":{"line":20,"column":9}},"4":{"start":{"line":8,"column":26},"end":{"line":8,"column":69}},"5":{"start":{"line":9,"column":12},"end":{"line":11,"column":13}},"6":{"start":{"line":10,"column":16},"end":{"line":10,"column":51}},"7":{"start":{"line":12,"column":12},"end":{"line":16,"column":13}},"8":{"start":{"line":13,"column":16},"end":{"line":15,"column":17}},"9":{"start":{"line":14,"column":20},"end":{"line":14,"column":49}},"10":{"start":{"line":17,"column":12},"end":{"line":17,"column":19}},"11":{"start":{"line":19,"column":12},"end":{"line":19,"column":22}},"12":{"start":{"line":24,"column":8},"end":{"line":31,"column":9}},"13":{"start":{"line":25,"column":12},"end":{"line":27,"column":13}},"14":{"start":{"line":26,"column":16},"end":{"line":26,"column":45}},"15":{"start":{"line":28,"column":12},"end":{"line":28,"column":19}},"16":{"start":{"line":30,"column":12},"end":{"line":30,"column":21}}},"fnMap":{"0":{"name":"(anonymous_0)","decl":{"start":{"line":5,"column":4},"end":{"line":5,"column":5}},"loc":{"start":{"line":5,"column":40},"end":{"line":21,"column":5}},"line":5},"1":{"name":"(anonymous_1)","decl":{"start":{"line":23,"column":4},"end":{"line":23,"column":5}},"loc":{"start":{"line":23,"column":34},"end":{"line":32,"column":5}},"line":23}},"branchMap":{"0":{"loc":{"start":{"line":9,"column":12},"end":{"line":11,"column":13}},"type":"if","locations":[{"start":{"line":9,"column":12},"end":{"line":11,"column":13}},{"start":{},"end":{}}],"line":9},"1":{"loc":{"start":{"line":12,"column":12},"end":{"line":16,"column":13}},"type":"if","locations":[{"start":{"line":12,"column":12},"end":{"line":16,"column":13}},{"start":{},"end":{}}],"line":12},"2":{"loc":{"start":{"line":13,"column":16},"end":{"line":15,"column":17}},"type":"if","locations":[{"start":{"line":13,"column":16},"end":{"line":15,"column":17}},{"start":{},"end":{}}],"line":13},"3":{"loc":{"start":{"line":25,"column":12},"end":{"line":27,"column":13}},"type":"if","locations":[{"start":{"line":25,"column":12},"end":{"line":27,"column":13}},{"start":{},"end":{}}],"line":25}},"s":{"0":3,"1":3,"2":3,"3":3,"4":3,"5":3,"6":1,"7":2,"8":0,"9":0,"10":2,"11":1,"12":7,"13":7,"14":0,"15":7,"16":0},"f":{"0":3,"1":7},"b":{"0":[1,2],"1":[0,2],"2":[0,0],"3":[0,7]},"_coverageSchema":"1a1c01bbd47fc00a2c39e90264f33305004495a9","hash":"33e2b027836cb235655d1cd0d65237019c9f56a9"}
,"C:\\Users\\alans\\OneDrive\\Desktop\\Hacktiv8\\Phase-2\\Week-3\\IP\\IP-RMT50\\middlewares\\errorHandler.js": {"path":"C:\\Users\\alans\\OneDrive\\Desktop\\Hacktiv8\\Phase-2\\Week-3\\IP\\IP-RMT50\\middlewares\\errorHandler.js","statementMap":{"0":{"start":{"line":2,"column":17},"end":{"line":2,"column":34}},"1":{"start":{"line":3,"column":18},"end":{"line":3,"column":56}},"2":{"start":{"line":5,"column":4},"end":{"line":63,"column":5}},"3":{"start":{"line":7,"column":12},"end":{"line":7,"column":24}},"4":{"start":{"line":8,"column":12},"end":{"line":8,"column":43}},"5":{"start":{"line":9,"column":12},"end":{"line":9,"column":18}},"6":{"start":{"line":11,"column":12},"end":{"line":11,"column":24}},"7":{"start":{"line":12,"column":12},"end":{"line":12,"column":41}},"8":{"start":{"line":13,"column":12},"end":{"line":13,"column":18}},"9":{"start":{"line":15,"column":12},"end":{"line":15,"column":24}},"10":{"start":{"line":16,"column":12},"end":{"line":16,"column":44}},"11":{"start":{"line":17,"column":12},"end":{"line":17,"column":18}},"12":{"start":{"line":19,"column":12},"end":{"line":19,"column":24}},"13":{"start":{"line":20,"column":12},"end":{"line":20,"column":38}},"14":{"start":{"line":21,"column":12},"end":{"line":21,"column":18}},"15":{"start":{"line":23,"column":12},"end":{"line":23,"column":24}},"16":{"start":{"line":24,"column":12},"end":{"line":24,"column":41}},"17":{"start":{"line":25,"column":12},"end":{"line":25,"column":18}},"18":{"start":{"line":28,"column":12},"end":{"line":28,"column":24}},"19":{"start":{"line":29,"column":12},"end":{"line":29,"column":39}},"20":{"start":{"line":30,"column":12},"end":{"line":30,"column":18}},"21":{"start":{"line":32,"column":12},"end":{"line":32,"column":24}},"22":{"start":{"line":33,"column":12},"end":{"line":33,"column":42}},"23":{"start":{"line":34,"column":12},"end":{"line":34,"column":18}},"24":{"start":{"line":36,"column":12},"end":{"line":36,"column":24}},"25":{"start":{"line":37,"column":12},"end":{"line":37,"column":59}},"26":{"start":{"line":38,"column":12},"end":{"line":38,"column":18}},"27":{"start":{"line":40,"column":12},"end":{"line":40,"column":24}},"28":{"start":{"line":41,"column":12},"end":{"line":41,"column":57}},"29":{"start":{"line":42,"column":12},"end":{"line":42,"column":18}},"30":{"start":{"line":44,"column":12},"end":{"line":44,"column":24}},"31":{"start":{"line":45,"column":12},"end":{"line":45,"column":58}},"32":{"start":{"line":46,"column":12},"end":{"line":46,"column":18}},"33":{"start":{"line":48,"column":12},"end":{"line":48,"column":24}},"34":{"start":{"line":49,"column":12},"end":{"line":49,"column":58}},"35":{"start":{"line":50,"column":12},"end":{"line":50,"column":18}},"36":{"start":{"line":52,"column":12},"end":{"line":52,"column":24}},"37":{"start":{"line":53,"column":12},"end":{"line":53,"column":56}},"38":{"start":{"line":54,"column":12},"end":{"line":54,"column":18}},"39":{"start":{"line":56,"column":12},"end":{"line":56,"column":24}},"40":{"start":{"line":57,"column":12},"end":{"line":57,"column":46}},"41":{"start":{"line":58,"column":12},"end":{"line":58,"column":18}},"42":{"start":{"line":60,"column":12},"end":{"line":60,"column":24}},"43":{"start":{"line":61,"column":12},"end":{"line":61,"column":56}},"44":{"start":{"line":62,"column":12},"end":{"line":62,"column":18}},"45":{"start":{"line":64,"column":4},"end":{"line":64,"column":49}},"46":{"start":{"line":67,"column":0},"end":{"line":67,"column":29}}},"fnMap":{"0":{"name":"errorHandler","decl":{"start":{"line":1,"column":9},"end":{"line":1,"column":21}},"loc":{"start":{"line":1,"column":43},"end":{"line":65,"column":1}},"line":1}},"branchMap":{"0":{"loc":{"start":{"line":2,"column":17},"end":{"line":2,"column":34}},"type":"binary-expr","locations":[{"start":{"line":2,"column":17},"end":{"line":2,"column":27}},{"start":{"line":2,"column":31},"end":{"line":2,"column":34}}],"line":2},"1":{"loc":{"start":{"line":3,"column":18},"end":{"line":3,"column":56}},"type":"binary-expr","locations":[{"start":{"line":3,"column":18},"end":{"line":3,"column":29}},{"start":{"line":3,"column":33},"end":{"line":3,"column":56}}],"line":3},"2":{"loc":{"start":{"line":5,"column":4},"end":{"line":63,"column":5}},"type":"switch","locations":[{"start":{"line":6,"column":8},"end":{"line":9,"column":18}},{"start":{"line":10,"column":8},"end":{"line":13,"column":18}},{"start":{"line":14,"column":8},"end":{"line":17,"column":18}},{"start":{"line":18,"column":8},"end":{"line":21,"column":18}},{"start":{"line":22,"column":8},"end":{"line":25,"column":18}},{"start":{"line":26,"column":8},"end":{"line":26,"column":31}},{"start":{"line":27,"column":8},"end":{"line":30,"column":18}},{"start":{"line":31,"column":8},"end":{"line":34,"column":18}},{"start":{"line":35,"column":8},"end":{"line":38,"column":18}},{"start":{"line":39,"column":8},"end":{"line":42,"column":18}},{"start":{"line":43,"column":8},"end":{"line":46,"column":18}},{"start":{"line":47,"column":8},"end":{"line":50,"column":18}},{"start":{"line":51,"column":8},"end":{"line":54,"column":18}},{"start":{"line":55,"column":8},"end":{"line":58,"column":18}},{"start":{"line":59,"column":8},"end":{"line":62,"column":18}}],"line":5}},"s":{"0":30,"1":30,"2":30,"3":14,"4":14,"5":14,"6":1,"7":1,"8":1,"9":1,"10":1,"11":1,"12":1,"13":1,"14":1,"15":1,"16":1,"17":1,"18":6,"19":6,"20":6,"21":1,"22":1,"23":1,"24":1,"25":1,"26":1,"27":1,"28":1,"29":1,"30":1,"31":1,"32":1,"33":0,"34":0,"35":0,"36":0,"37":0,"38":0,"39":0,"40":0,"41":0,"42":1,"43":1,"44":1,"45":30,"46":3},"f":{"0":30},"b":{"0":[30,30],"1":[30,14],"2":[14,1,1,1,1,5,6,1,1,1,1,0,0,0,1]},"_coverageSchema":"1a1c01bbd47fc00a2c39e90264f33305004495a9","hash":"45ba7d7b3974b89513fde947c09090f596db2379"}
,"C:\\Users\\alans\\OneDrive\\Desktop\\Hacktiv8\\Phase-2\\Week-3\\IP\\IP-RMT50\\models\\character.js": {"path":"C:\\Users\\alans\\OneDrive\\Desktop\\Hacktiv8\\Phase-2\\Week-3\\IP\\IP-RMT50\\models\\character.js","statementMap":{"0":{"start":{"line":4,"column":4},"end":{"line":4,"column":24}},"1":{"start":{"line":5,"column":0},"end":{"line":28,"column":2}},"2":{"start":{"line":16,"column":2},"end":{"line":26,"column":5}},"3":{"start":{"line":27,"column":2},"end":{"line":27,"column":19}}},"fnMap":{"0":{"name":"(anonymous_0)","decl":{"start":{"line":5,"column":17},"end":{"line":5,"column":18}},"loc":{"start":{"line":5,"column":43},"end":{"line":28,"column":1}},"line":5},"1":{"name":"(anonymous_1)","decl":{"start":{"line":12,"column":4},"end":{"line":12,"column":5}},"loc":{"start":{"line":12,"column":29},"end":{"line":14,"column":5}},"line":12}},"branchMap":{},"s":{"0":3,"1":3,"2":3,"3":3},"f":{"0":3,"1":3},"b":{},"_coverageSchema":"1a1c01bbd47fc00a2c39e90264f33305004495a9","hash":"2b47374587e3b87bbeae069a0953d8db35a94336"}
,"C:\\Users\\alans\\OneDrive\\Desktop\\Hacktiv8\\Phase-2\\Week-3\\IP\\IP-RMT50\\models\\index.js": {"path":"C:\\Users\\alans\\OneDrive\\Desktop\\Hacktiv8\\Phase-2\\Week-3\\IP\\IP-RMT50\\models\\index.js","statementMap":{"0":{"start":{"line":3,"column":11},"end":{"line":3,"column":24}},"1":{"start":{"line":4,"column":13},"end":{"line":4,"column":28}},"2":{"start":{"line":5,"column":18},"end":{"line":5,"column":38}},"3":{"start":{"line":6,"column":16},"end":{"line":6,"column":34}},"4":{"start":{"line":7,"column":17},"end":{"line":7,"column":42}},"5":{"start":{"line":8,"column":12},"end":{"line":8,"column":49}},"6":{"start":{"line":9,"column":15},"end":{"line":9,"column":65}},"7":{"start":{"line":10,"column":11},"end":{"line":10,"column":13}},"8":{"start":{"line":13,"column":0},"end":{"line":17,"column":1}},"9":{"start":{"line":14,"column":2},"end":{"line":14,"column":74}},"10":{"start":{"line":16,"column":2},"end":{"line":16,"column":87}},"11":{"start":{"line":19,"column":0},"end":{"line":32,"column":5}},"12":{"start":{"line":22,"column":4},"end":{"line":27,"column":6}},"13":{"start":{"line":30,"column":18},"end":{"line":30,"column":85}},"14":{"start":{"line":31,"column":4},"end":{"line":31,"column":27}},"15":{"start":{"line":34,"column":0},"end":{"line":38,"column":3}},"16":{"start":{"line":35,"column":2},"end":{"line":37,"column":3}},"17":{"start":{"line":36,"column":4},"end":{"line":36,"column":32}},"18":{"start":{"line":40,"column":0},"end":{"line":40,"column":25}},"19":{"start":{"line":41,"column":0},"end":{"line":41,"column":25}},"20":{"start":{"line":43,"column":0},"end":{"line":43,"column":20}}},"fnMap":{"0":{"name":"(anonymous_0)","decl":{"start":{"line":21,"column":10},"end":{"line":21,"column":11}},"loc":{"start":{"line":21,"column":18},"end":{"line":28,"column":3}},"line":21},"1":{"name":"(anonymous_1)","decl":{"start":{"line":29,"column":11},"end":{"line":29,"column":12}},"loc":{"start":{"line":29,"column":19},"end":{"line":32,"column":3}},"line":29},"2":{"name":"(anonymous_2)","decl":{"start":{"line":34,"column":24},"end":{"line":34,"column":25}},"loc":{"start":{"line":34,"column":37},"end":{"line":38,"column":1}},"line":34}},"branchMap":{"0":{"loc":{"start":{"line":8,"column":12},"end":{"line":8,"column":49}},"type":"binary-expr","locations":[{"start":{"line":8,"column":12},"end":{"line":8,"column":32}},{"start":{"line":8,"column":36},"end":{"line":8,"column":49}}],"line":8},"1":{"loc":{"start":{"line":13,"column":0},"end":{"line":17,"column":1}},"type":"if","locations":[{"start":{"line":13,"column":0},"end":{"line":17,"column":1}},{"start":{"line":15,"column":7},"end":{"line":17,"column":1}}],"line":13},"2":{"loc":{"start":{"line":23,"column":6},"end":{"line":26,"column":37}},"type":"binary-expr","locations":[{"start":{"line":23,"column":6},"end":{"line":23,"column":29}},{"start":{"line":24,"column":6},"end":{"line":24,"column":23}},{"start":{"line":25,"column":6},"end":{"line":25,"column":30}},{"start":{"line":26,"column":6},"end":{"line":26,"column":37}}],"line":23},"3":{"loc":{"start":{"line":35,"column":2},"end":{"line":37,"column":3}},"type":"if","locations":[{"start":{"line":35,"column":2},"end":{"line":37,"column":3}},{"start":{},"end":{}}],"line":35}},"s":{"0":3,"1":3,"2":3,"3":3,"4":3,"5":3,"6":3,"7":3,"8":3,"9":0,"10":3,"11":3,"12":21,"13":18,"14":18,"15":3,"16":18,"17":18,"18":3,"19":3,"20":3},"f":{"0":21,"1":18,"2":18},"b":{"0":[3,0],"1":[0,3],"2":[21,21,18,18],"3":[18,0]},"_coverageSchema":"1a1c01bbd47fc00a2c39e90264f33305004495a9","hash":"d39ffbf9a8ff33cde9535bed2298b82ea0fd2797"}
,"C:\\Users\\alans\\OneDrive\\Desktop\\Hacktiv8\\Phase-2\\Week-3\\IP\\IP-RMT50\\models\\party.js": {"path":"C:\\Users\\alans\\OneDrive\\Desktop\\Hacktiv8\\Phase-2\\Week-3\\IP\\IP-RMT50\\models\\party.js","statementMap":{"0":{"start":{"line":4,"column":4},"end":{"line":4,"column":24}},"1":{"start":{"line":5,"column":0},"end":{"line":23,"column":2}},"2":{"start":{"line":13,"column":6},"end":{"line":13,"column":32}},"3":{"start":{"line":16,"column":2},"end":{"line":21,"column":5}},"4":{"start":{"line":22,"column":2},"end":{"line":22,"column":15}}},"fnMap":{"0":{"name":"(anonymous_0)","decl":{"start":{"line":5,"column":17},"end":{"line":5,"column":18}},"loc":{"start":{"line":5,"column":43},"end":{"line":23,"column":1}},"line":5},"1":{"name":"(anonymous_1)","decl":{"start":{"line":12,"column":4},"end":{"line":12,"column":5}},"loc":{"start":{"line":12,"column":29},"end":{"line":14,"column":5}},"line":12}},"branchMap":{},"s":{"0":3,"1":3,"2":3,"3":3,"4":3},"f":{"0":3,"1":3},"b":{},"_coverageSchema":"1a1c01bbd47fc00a2c39e90264f33305004495a9","hash":"fed1902f88d5c96b0ec953573ec59d52986bb71e"}
,"C:\\Users\\alans\\OneDrive\\Desktop\\Hacktiv8\\Phase-2\\Week-3\\IP\\IP-RMT50\\models\\team.js": {"path":"C:\\Users\\alans\\OneDrive\\Desktop\\Hacktiv8\\Phase-2\\Week-3\\IP\\IP-RMT50\\models\\team.js","statementMap":{"0":{"start":{"line":4,"column":4},"end":{"line":4,"column":24}},"1":{"start":{"line":5,"column":0},"end":{"line":65,"column":2}},"2":{"start":{"line":13,"column":6},"end":{"line":13,"column":36}},"3":{"start":{"line":14,"column":6},"end":{"line":14,"column":61}},"4":{"start":{"line":17,"column":2},"end":{"line":63,"column":5}},"5":{"start":{"line":64,"column":2},"end":{"line":64,"column":14}}},"fnMap":{"0":{"name":"(anonymous_0)","decl":{"start":{"line":5,"column":17},"end":{"line":5,"column":18}},"loc":{"start":{"line":5,"column":43},"end":{"line":65,"column":1}},"line":5},"1":{"name":"(anonymous_1)","decl":{"start":{"line":12,"column":4},"end":{"line":12,"column":5}},"loc":{"start":{"line":12,"column":29},"end":{"line":15,"column":5}},"line":12}},"branchMap":{},"s":{"0":3,"1":3,"2":3,"3":3,"4":3,"5":3},"f":{"0":3,"1":3},"b":{},"_coverageSchema":"1a1c01bbd47fc00a2c39e90264f33305004495a9","hash":"60b9b0cbe9bdad66ca51234ec7cae449412839c2"}
,"C:\\Users\\alans\\OneDrive\\Desktop\\Hacktiv8\\Phase-2\\Week-3\\IP\\IP-RMT50\\models\\type.js": {"path":"C:\\Users\\alans\\OneDrive\\Desktop\\Hacktiv8\\Phase-2\\Week-3\\IP\\IP-RMT50\\models\\type.js","statementMap":{"0":{"start":{"line":4,"column":4},"end":{"line":4,"column":24}},"1":{"start":{"line":5,"column":0},"end":{"line":23,"column":2}},"2":{"start":{"line":13,"column":6},"end":{"line":13,"column":33}},"3":{"start":{"line":16,"column":2},"end":{"line":21,"column":5}},"4":{"start":{"line":22,"column":2},"end":{"line":22,"column":14}}},"fnMap":{"0":{"name":"(anonymous_0)","decl":{"start":{"line":5,"column":17},"end":{"line":5,"column":18}},"loc":{"start":{"line":5,"column":43},"end":{"line":23,"column":1}},"line":5},"1":{"name":"(anonymous_1)","decl":{"start":{"line":12,"column":4},"end":{"line":12,"column":5}},"loc":{"start":{"line":12,"column":29},"end":{"line":14,"column":5}},"line":12}},"branchMap":{},"s":{"0":3,"1":3,"2":3,"3":3,"4":3},"f":{"0":3,"1":3},"b":{},"_coverageSchema":"1a1c01bbd47fc00a2c39e90264f33305004495a9","hash":"67c795b9a30b0f6803a613f1e27800e5ed9b24cc"}
,"C:\\Users\\alans\\OneDrive\\Desktop\\Hacktiv8\\Phase-2\\Week-3\\IP\\IP-RMT50\\models\\user.js": {"path":"C:\\Users\\alans\\OneDrive\\Desktop\\Hacktiv8\\Phase-2\\Week-3\\IP\\IP-RMT50\\models\\user.js","statementMap":{"0":{"start":{"line":4,"column":4},"end":{"line":4,"column":24}},"1":{"start":{"line":5,"column":0},"end":{"line":69,"column":2}},"2":{"start":{"line":14,"column":6},"end":{"line":14,"column":57}},"3":{"start":{"line":17,"column":2},"end":{"line":67,"column":5}},"4":{"start":{"line":68,"column":2},"end":{"line":68,"column":14}}},"fnMap":{"0":{"name":"(anonymous_0)","decl":{"start":{"line":5,"column":17},"end":{"line":5,"column":18}},"loc":{"start":{"line":5,"column":43},"end":{"line":69,"column":1}},"line":5},"1":{"name":"(anonymous_1)","decl":{"start":{"line":12,"column":4},"end":{"line":12,"column":5}},"loc":{"start":{"line":12,"column":29},"end":{"line":15,"column":5}},"line":12}},"branchMap":{},"s":{"0":3,"1":3,"2":3,"3":3,"4":3},"f":{"0":3,"1":3},"b":{},"_coverageSchema":"1a1c01bbd47fc00a2c39e90264f33305004495a9","hash":"a88cf6671699930deee9ef27a8bc18a0773274f5"}
,"C:\\Users\\alans\\OneDrive\\Desktop\\Hacktiv8\\Phase-2\\Week-3\\IP\\IP-RMT50\\models\\weapon.js": {"path":"C:\\Users\\alans\\OneDrive\\Desktop\\Hacktiv8\\Phase-2\\Week-3\\IP\\IP-RMT50\\models\\weapon.js","statementMap":{"0":{"start":{"line":4,"column":4},"end":{"line":4,"column":24}},"1":{"start":{"line":5,"column":0},"end":{"line":28,"column":2}},"2":{"start":{"line":16,"column":2},"end":{"line":26,"column":5}},"3":{"start":{"line":27,"column":2},"end":{"line":27,"column":16}}},"fnMap":{"0":{"name":"(anonymous_0)","decl":{"start":{"line":5,"column":17},"end":{"line":5,"column":18}},"loc":{"start":{"line":5,"column":43},"end":{"line":28,"column":1}},"line":5},"1":{"name":"(anonymous_1)","decl":{"start":{"line":12,"column":4},"end":{"line":12,"column":5}},"loc":{"start":{"line":12,"column":29},"end":{"line":14,"column":5}},"line":12}},"branchMap":{},"s":{"0":3,"1":3,"2":3,"3":3},"f":{"0":3,"1":3},"b":{},"_coverageSchema":"1a1c01bbd47fc00a2c39e90264f33305004495a9","hash":"158cb29787599ed7e53ce3954379898e285d2a9d"}
,"C:\\Users\\alans\\OneDrive\\Desktop\\Hacktiv8\\Phase-2\\Week-3\\IP\\IP-RMT50\\routes\\index.js": {"path":"C:\\Users\\alans\\OneDrive\\Desktop\\Hacktiv8\\Phase-2\\Week-3\\IP\\IP-RMT50\\routes\\index.js","statementMap":{"0":{"start":{"line":1,"column":128},"end":{"line":1,"column":169}},"1":{"start":{"line":2,"column":38},"end":{"line":2,"column":79}},"2":{"start":{"line":3,"column":72},"end":{"line":3,"column":112}},"3":{"start":{"line":4,"column":27},"end":{"line":4,"column":67}},"4":{"start":{"line":5,"column":35},"end":{"line":5,"column":74}},"5":{"start":{"line":6,"column":15},"end":{"line":6,"column":42}},"6":{"start":{"line":7,"column":15},"end":{"line":7,"column":43}},"7":{"start":{"line":9,"column":0},"end":{"line":9,"column":29}},"8":{"start":{"line":10,"column":0},"end":{"line":10,"column":42}},"9":{"start":{"line":11,"column":0},"end":{"line":11,"column":34}},"10":{"start":{"line":13,"column":0},"end":{"line":22,"column":2}},"11":{"start":{"line":14,"column":4},"end":{"line":21,"column":5}},"12":{"start":{"line":15,"column":30},"end":{"line":15,"column":38}},"13":{"start":{"line":16,"column":19},"end":{"line":16,"column":42}},"14":{"start":{"line":18,"column":8},"end":{"line":18,"column":34}},"15":{"start":{"line":20,"column":28},"end":{"line":20,"column":86}},"16":{"start":{"line":24,"column":0},"end":{"line":24,"column":27}},"17":{"start":{"line":26,"column":0},"end":{"line":26,"column":35}},"18":{"start":{"line":27,"column":0},"end":{"line":27,"column":42}},"19":{"start":{"line":28,"column":0},"end":{"line":28,"column":40}},"20":{"start":{"line":29,"column":0},"end":{"line":29,"column":48}},"21":{"start":{"line":30,"column":0},"end":{"line":30,"column":30}},"22":{"start":{"line":31,"column":0},"end":{"line":31,"column":38}},"23":{"start":{"line":32,"column":0},"end":{"line":32,"column":44}},"24":{"start":{"line":33,"column":0},"end":{"line":33,"column":31}},"25":{"start":{"line":34,"column":0},"end":{"line":34,"column":35}},"26":{"start":{"line":35,"column":0},"end":{"line":35,"column":56}},"27":{"start":{"line":36,"column":0},"end":{"line":36,"column":43}},"28":{"start":{"line":37,"column":0},"end":{"line":37,"column":50}},"29":{"start":{"line":38,"column":0},"end":{"line":38,"column":53}},"30":{"start":{"line":40,"column":0},"end":{"line":47,"column":68}},"31":{"start":{"line":47,"column":85},"end":{"line":47,"column":38884}},"32":{"start":{"line":47,"column":89},"end":{"line":47,"column":38873}}},"fnMap":{"0":{"name":"(anonymous_0)","decl":{"start":{"line":13,"column":32},"end":{"line":13,"column":33}},"loc":{"start":{"line":13,"column":58},"end":{"line":22,"column":1}},"line":13},"1":{"name":"oo_cm","decl":{"start":{"line":47,"column":77},"end":{"line":47,"column":82}},"loc":{"start":{"line":47,"column":84},"end":{"line":47,"column":38885}},"line":47}},"branchMap":{"0":{"loc":{"start":{"line":47,"column":96},"end":{"line":47,"column":38872}},"type":"binary-expr","locations":[{"start":{"line":47,"column":96},"end":{"line":47,"column":133}},{"start":{"line":47,"column":137},"end":{"line":47,"column":38872}}],"line":47}},"s":{"0":3,"1":3,"2":3,"3":3,"4":3,"5":3,"6":3,"7":3,"8":3,"9":3,"10":3,"11":0,"12":0,"13":0,"14":0,"15":0,"16":3,"17":3,"18":3,"19":3,"20":3,"21":3,"22":3,"23":3,"24":3,"25":3,"26":3,"27":3,"28":3,"29":3,"30":3,"31":0,"32":0},"f":{"0":0,"1":0},"b":{"0":[0,0]},"_coverageSchema":"1a1c01bbd47fc00a2c39e90264f33305004495a9","hash":"7ef5ec5fbcf9e46d36cfc06c41fd3900e3d59921"}
}
