TN:
SF:app.js
FN:10,(anonymous_0)
FNF:1
FNH:0
FNDA:0,(anonymous_0)
DA:1,3
DA:2,3
DA:3,3
DA:4,3
DA:5,3
DA:7,3
DA:8,3
DA:10,3
DA:11,0
DA:14,3
DA:15,3
DA:17,3
LF:12
LH:11
BRF:0
BRH:0
end_of_record
TN:
SF:controllers\PartyController.js
FN:4,(anonymous_0)
FN:17,(anonymous_1)
FN:30,(anonymous_2)
FN:44,(anonymous_3)
FN:60,(anonymous_4)
FN:72,(anonymous_5)
FNF:6
FNH:4
FNDA:1,(anonymous_0)
FNDA:2,(anonymous_1)
FNDA:1,(anonymous_2)
FNDA:3,(anonymous_3)
FNDA:0,(anonymous_4)
FNDA:0,(anonymous_5)
DA:1,3
DA:3,3
DA:5,1
DA:6,1
DA:11,1
DA:13,0
DA:18,2
DA:19,2
DA:20,2
DA:21,1
DA:23,1
DA:24,1
DA:26,1
DA:31,1
DA:32,1
DA:33,1
DA:34,1
DA:35,1
DA:37,0
DA:38,0
DA:40,1
DA:45,3
DA:46,3
DA:47,3
DA:48,3
DA:49,0
DA:51,3
DA:54,1
DA:56,2
DA:61,0
DA:62,0
DA:63,0
DA:64,0
DA:65,0
DA:66,0
DA:68,0
DA:73,0
DA:74,0
DA:75,0
DA:76,0
DA:77,0
DA:79,0
LF:42
LH:25
BRDA:20,0,0,1
BRDA:20,0,1,1
BRDA:34,1,0,1
BRDA:34,1,1,0
BRDA:48,2,0,0
BRDA:48,2,1,3
BRF:6
BRH:4
end_of_record
TN:
SF:controllers\PublicConroller.js
FN:4,(anonymous_0)
FN:13,(anonymous_1)
FNF:2
FNH:2
FNDA:1,(anonymous_0)
FNDA:1,(anonymous_1)
DA:1,3
DA:3,3
DA:5,1
DA:6,1
DA:7,1
DA:9,0
DA:14,1
DA:15,1
DA:16,1
DA:17,1
DA:18,0
DA:20,1
DA:22,0
LF:13
LH:10
BRDA:17,0,0,0
BRDA:17,0,1,1
BRF:2
BRH:1
end_of_record
TN:
SF:controllers\UserController.js
FN:6,(anonymous_0)
FN:15,(anonymous_1)
FNF:2
FNH:2
FNDA:7,(anonymous_0)
FNDA:3,(anonymous_1)
DA:1,3
DA:2,3
DA:3,3
DA:5,3
DA:7,7
DA:8,7
DA:9,1
DA:11,6
DA:16,3
DA:17,3
DA:18,3
DA:19,1
DA:21,2
DA:22,1
DA:24,1
DA:25,1
DA:26,0
DA:28,1
DA:29,1
DA:30,0
DA:32,1
DA:33,1
DA:35,2
LF:23
LH:21
BRDA:18,0,0,1
BRDA:18,0,1,2
BRDA:21,1,0,1
BRDA:21,1,1,1
BRDA:25,2,0,0
BRDA:25,2,1,1
BRDA:29,3,0,0
BRDA:29,3,1,1
BRF:8
BRH:6
end_of_record
TN:
SF:helpers\bcrypt.js
FN:3,(anonymous_0)
FN:8,(anonymous_1)
FNF:2
FNH:2
FNDA:4,(anonymous_0)
FNDA:1,(anonymous_1)
DA:1,3
DA:3,3
DA:4,4
DA:5,4
DA:8,3
DA:9,1
DA:12,3
LF:7
LH:7
BRF:0
BRH:0
end_of_record
TN:
SF:helpers\jwt.js
FN:5,(anonymous_0)
FN:9,(anonymous_1)
FNF:2
FNH:2
FNDA:3,(anonymous_0)
FNDA:16,(anonymous_1)
DA:1,3
DA:2,3
DA:4,3
DA:6,3
DA:10,16
LF:5
LH:5
BRF:0
BRH:0
end_of_record
TN:
SF:middlewares\authentication.js
FN:5,(anonymous_0)
FNF:1
FNH:1
FNDA:19,(anonymous_0)
DA:1,3
DA:2,3
DA:4,3
DA:6,19
DA:7,19
DA:8,19
DA:9,0
DA:11,19
DA:12,19
DA:13,3
DA:15,16
DA:16,15
DA:17,15
DA:18,0
DA:20,15
DA:24,15
DA:26,4
LF:17
LH:15
BRDA:8,0,0,0
BRDA:8,0,1,19
BRDA:12,1,0,3
BRDA:12,1,1,16
BRDA:17,2,0,0
BRDA:17,2,1,15
BRF:6
BRH:4
end_of_record
TN:
SF:middlewares\authorization.js
FN:5,(anonymous_0)
FN:23,(anonymous_1)
FNF:2
FNH:2
FNDA:2,(anonymous_0)
FNDA:7,(anonymous_1)
DA:1,3
DA:4,3
DA:6,2
DA:7,2
DA:8,2
DA:9,2
DA:10,1
DA:12,1
DA:13,0
DA:14,0
DA:17,1
DA:19,1
DA:24,7
DA:25,7
DA:26,0
DA:28,7
DA:30,0
LF:17
LH:13
BRDA:9,0,0,1
BRDA:9,0,1,1
BRDA:12,1,0,0
BRDA:12,1,1,1
BRDA:13,2,0,0
BRDA:13,2,1,0
BRDA:25,3,0,0
BRDA:25,3,1,7
BRF:8
BRH:4
end_of_record
TN:
SF:middlewares\errorHandler.js
FN:1,errorHandler
FNF:1
FNH:1
FNDA:17,errorHandler
DA:2,17
DA:3,17
DA:5,17
DA:7,8
DA:8,8
DA:9,8
DA:11,1
DA:12,1
DA:13,1
DA:15,1
DA:16,1
DA:17,1
DA:19,0
DA:20,0
DA:21,0
DA:23,0
DA:24,0
DA:25,0
DA:28,4
DA:29,4
DA:30,4
DA:32,1
DA:33,1
DA:34,1
DA:36,0
DA:37,0
DA:38,0
DA:40,1
DA:41,1
DA:42,1
DA:44,1
DA:45,1
DA:46,1
DA:48,0
DA:49,0
DA:50,0
DA:52,17
DA:55,3
LF:38
LH:26
BRDA:2,0,0,17
BRDA:2,0,1,17
BRDA:3,1,0,17
BRDA:3,1,1,8
BRDA:5,2,0,8
BRDA:5,2,1,1
BRDA:5,2,2,1
BRDA:5,2,3,0
BRDA:5,2,4,0
BRDA:5,2,5,3
BRDA:5,2,6,4
BRDA:5,2,7,1
BRDA:5,2,8,0
BRDA:5,2,9,1
BRDA:5,2,10,1
BRDA:5,2,11,0
BRF:16
BRH:12
end_of_record
TN:
SF:models\character.js
FN:5,(anonymous_0)
FN:12,(anonymous_1)
FNF:2
FNH:2
FNDA:3,(anonymous_0)
FNDA:3,(anonymous_1)
DA:4,3
DA:5,3
DA:16,3
DA:26,3
LF:4
LH:4
BRF:0
BRH:0
end_of_record
TN:
SF:models\index.js
FN:21,(anonymous_0)
FN:29,(anonymous_1)
FN:34,(anonymous_2)
FNF:3
FNH:3
FNDA:21,(anonymous_0)
FNDA:18,(anonymous_1)
FNDA:18,(anonymous_2)
DA:3,3
DA:4,3
DA:5,3
DA:6,3
DA:7,3
DA:8,3
DA:9,3
DA:10,3
DA:13,3
DA:14,0
DA:16,3
DA:19,3
DA:22,21
DA:30,18
DA:31,18
DA:34,3
DA:35,18
DA:36,18
DA:40,3
DA:41,3
DA:43,3
LF:21
LH:20
BRDA:8,0,0,3
BRDA:8,0,1,0
BRDA:13,1,0,0
BRDA:13,1,1,3
BRDA:23,2,0,21
BRDA:23,2,1,21
BRDA:23,2,2,18
BRDA:23,2,3,18
BRDA:35,3,0,18
BRDA:35,3,1,0
BRF:10
BRH:7
end_of_record
TN:
SF:models\party.js
FN:5,(anonymous_0)
FN:12,(anonymous_1)
FNF:2
FNH:2
FNDA:3,(anonymous_0)
FNDA:3,(anonymous_1)
DA:4,3
DA:5,3
DA:13,3
DA:16,3
DA:22,3
LF:5
LH:5
BRF:0
BRH:0
end_of_record
TN:
SF:models\team.js
FN:5,(anonymous_0)
FN:12,(anonymous_1)
FNF:2
FNH:2
FNDA:3,(anonymous_0)
FNDA:3,(anonymous_1)
DA:4,3
DA:5,3
DA:13,3
DA:14,3
DA:17,3
DA:64,3
LF:6
LH:6
BRF:0
BRH:0
end_of_record
TN:
SF:models\type.js
FN:5,(anonymous_0)
FN:12,(anonymous_1)
FNF:2
FNH:2
FNDA:3,(anonymous_0)
FNDA:3,(anonymous_1)
DA:4,3
DA:5,3
DA:13,3
DA:16,3
DA:22,3
LF:5
LH:5
BRF:0
BRH:0
end_of_record
TN:
SF:models\user.js
FN:5,(anonymous_0)
FN:12,(anonymous_1)
FNF:2
FNH:2
FNDA:3,(anonymous_0)
FNDA:3,(anonymous_1)
DA:4,3
DA:5,3
DA:14,3
DA:17,3
DA:68,3
LF:5
LH:5
BRF:0
BRH:0
end_of_record
TN:
SF:models\weapon.js
FN:5,(anonymous_0)
FN:12,(anonymous_1)
FNF:2
FNH:2
FNDA:3,(anonymous_0)
FNDA:3,(anonymous_1)
DA:4,3
DA:5,3
DA:16,3
DA:27,3
LF:4
LH:4
BRF:0
BRH:0
end_of_record
TN:
SF:routes\index.js
FNF:0
FNH:0
DA:1,3
DA:2,3
DA:3,3
DA:4,3
DA:5,3
DA:6,3
DA:8,3
DA:9,3
DA:10,3
DA:13,3
DA:15,3
DA:16,3
DA:17,3
DA:18,3
DA:19,3
DA:20,3
DA:21,3
DA:23,3
LF:18
LH:18
BRF:0
BRH:0
end_of_record
